  [1m[35m (159.7ms)[0m  [1m[35mCREATE TABLE "schema_migrations" ("version" character varying NOT NULL PRIMARY KEY)[0m
  [1m[35m (119.4ms)[0m  [1m[35mCREATE TABLE "ar_internal_metadata" ("key" character varying NOT NULL PRIMARY KEY, "value" character varying, "created_at" timestamp NOT NULL, "updated_at" timestamp NOT NULL)[0m
  [1m[35m (0.2ms)[0m  [1m[34mSELECT pg_try_advisory_lock(1084443207228992520)[0m
  [1m[35m (0.5ms)[0m  [1m[34mSELECT "schema_migrations"."version" FROM "schema_migrations" ORDER BY "schema_migrations"."version" ASC[0m
Migrating to CreateProfiles (20200327201257)
  [1m[35m (0.2ms)[0m  [1m[35mBEGIN[0m
  [1m[35m (0.2ms)[0m  [1m[31mROLLBACK[0m
  [1m[35m (0.2ms)[0m  [1m[34mSELECT pg_advisory_unlock(1084443207228992520)[0m
  [1m[35m (0.2ms)[0m  [1m[34mSELECT pg_try_advisory_lock(1084443207228992520)[0m
  [1m[35m (0.5ms)[0m  [1m[34mSELECT "schema_migrations"."version" FROM "schema_migrations" ORDER BY "schema_migrations"."version" ASC[0m
Migrating to CreateProfiles (20200327201257)
  [1m[35m (0.2ms)[0m  [1m[35mBEGIN[0m
  [1m[35m (93.2ms)[0m  [1m[35mCREATE TABLE "profiles" ("id" bigserial primary key, "name" character varying, "description" text, "created_uid" integer, "updated_uid" integer, "created_at" timestamp NOT NULL, "updated_at" timestamp NOT NULL)[0m
  [1m[35mSQL (14.2ms)[0m  [1m[32mINSERT INTO "schema_migrations" ("version") VALUES ($1) RETURNING "version"[0m  [["version", "20200327201257"]]
  [1m[35m (73.3ms)[0m  [1m[35mCOMMIT[0m
Migrating to CreateUsers (20200327201613)
  [1m[35m (0.2ms)[0m  [1m[35mBEGIN[0m
  [1m[35m (0.1ms)[0m  [1m[31mROLLBACK[0m
  [1m[35m (0.3ms)[0m  [1m[34mSELECT pg_advisory_unlock(1084443207228992520)[0m
  [1m[35m (0.1ms)[0m  [1m[34mSELECT pg_try_advisory_lock(1084443207228992520)[0m
  [1m[35m (0.5ms)[0m  [1m[34mSELECT "schema_migrations"."version" FROM "schema_migrations" ORDER BY "schema_migrations"."version" ASC[0m
Migrating to CreateUsers (20200327201613)
  [1m[35m (0.2ms)[0m  [1m[35mBEGIN[0m
  [1m[35m (98.1ms)[0m  [1m[35mCREATE TABLE "users" ("id" bigserial primary key, "firstname" character varying, "lastname" character varying, "phone" character varying, "email" character varying, "password" character varying, "active" integer, "profile_id" bigint, "terms" integer, "is_admin" integer, "created_uid" integer, "updated_uid" integer, "created_at" timestamp NOT NULL, "updated_at" timestamp NOT NULL, CONSTRAINT "fk_rails_a8794354f0"
FOREIGN KEY ("profile_id")
  REFERENCES "profiles" ("id")
)[0m
  [1m[35m (52.1ms)[0m  [1m[35mCREATE  INDEX  "index_users_on_profile_id" ON "users"  ("profile_id")[0m
  [1m[35mSQL (0.3ms)[0m  [1m[32mINSERT INTO "schema_migrations" ("version") VALUES ($1) RETURNING "version"[0m  [["version", "20200327201613"]]
  [1m[35m (17.4ms)[0m  [1m[35mCOMMIT[0m
Migrating to CreateRequests (20200327201740)
  [1m[35m (0.2ms)[0m  [1m[35mBEGIN[0m
  [1m[35m (122.4ms)[0m  [1m[35mCREATE TABLE "requests" ("id" bigserial primary key, "user_id" bigint, "reference" character varying, "text" text, "status" character varying, "type_request" character varying, "created_uid" integer, "updated_uid" integer, "created_at" timestamp NOT NULL, "updated_at" timestamp NOT NULL, CONSTRAINT "fk_rails_8ead8b1e6b"
FOREIGN KEY ("user_id")
  REFERENCES "users" ("id")
)[0m
  [1m[35m (42.6ms)[0m  [1m[35mCREATE  INDEX  "index_requests_on_user_id" ON "requests"  ("user_id")[0m
  [1m[35mSQL (0.3ms)[0m  [1m[32mINSERT INTO "schema_migrations" ("version") VALUES ($1) RETURNING "version"[0m  [["version", "20200327201740"]]
  [1m[35m (19.4ms)[0m  [1m[35mCOMMIT[0m
Migrating to CreateMessages (20200327202009)
  [1m[35m (0.2ms)[0m  [1m[35mBEGIN[0m
  [1m[35m (89.3ms)[0m  [1m[35mCREATE TABLE "messages" ("id" bigserial primary key, "user_id" bigint, "title" character varying, "text" text, "created_uid" integer, "updated_uid" integer, "created_at" timestamp NOT NULL, "updated_at" timestamp NOT NULL, CONSTRAINT "fk_rails_273a25a7a6"
FOREIGN KEY ("user_id")
  REFERENCES "users" ("id")
)[0m
  [1m[35m (64.4ms)[0m  [1m[35mCREATE  INDEX  "index_messages_on_user_id" ON "messages"  ("user_id")[0m
  [1m[35mSQL (0.3ms)[0m  [1m[32mINSERT INTO "schema_migrations" ("version") VALUES ($1) RETURNING "version"[0m  [["version", "20200327202009"]]
  [1m[35m (18.6ms)[0m  [1m[35mCOMMIT[0m
Migrating to CreateFlashInfos (20200327202349)
  [1m[35m (0.2ms)[0m  [1m[35mBEGIN[0m
  [1m[35m (90.4ms)[0m  [1m[35mCREATE TABLE "flash_infos" ("id" bigserial primary key, "title" character varying, "text" text, "image" character varying, "active" integer, "created_int" integer, "updated_uid" integer, "created_at" timestamp NOT NULL, "updated_at" timestamp NOT NULL)[0m
  [1m[35mSQL (0.3ms)[0m  [1m[32mINSERT INTO "schema_migrations" ("version") VALUES ($1) RETURNING "version"[0m  [["version", "20200327202349"]]
  [1m[35m (17.9ms)[0m  [1m[35mCOMMIT[0m
Migrating to CreateInformation (20200327202438)
  [1m[35m (0.3ms)[0m  [1m[35mBEGIN[0m
  [1m[35m (64.6ms)[0m  [1m[35mCREATE TABLE "information" ("id" bigserial primary key, "cases" integer, "deaths" integer, "recovered" integer, "created_uid" integer, "updated_uid" integer, "created_at" timestamp NOT NULL, "updated_at" timestamp NOT NULL)[0m
  [1m[35mSQL (0.4ms)[0m  [1m[32mINSERT INTO "schema_migrations" ("version") VALUES ($1) RETURNING "version"[0m  [["version", "20200327202438"]]
  [1m[35m (9.3ms)[0m  [1m[35mCOMMIT[0m
  [1m[36mActiveRecord::InternalMetadata Load (0.3ms)[0m  [1m[34mSELECT  "ar_internal_metadata".* FROM "ar_internal_metadata" WHERE "ar_internal_metadata"."key" = $1 LIMIT $2[0m  [["key", "environment"], ["LIMIT", 1]]
  [1m[35m (0.2ms)[0m  [1m[35mBEGIN[0m
  [1m[35mSQL (0.4ms)[0m  [1m[32mINSERT INTO "ar_internal_metadata" ("key", "value", "created_at", "updated_at") VALUES ($1, $2, $3, $4) RETURNING "key"[0m  [["key", "environment"], ["value", "development"], ["created_at", "2020-03-27 20:31:39.630488"], ["updated_at", "2020-03-27 20:31:39.630488"]]
  [1m[35m (10.7ms)[0m  [1m[35mCOMMIT[0m
  [1m[35m (0.3ms)[0m  [1m[34mSELECT pg_advisory_unlock(1084443207228992520)[0m
  [1m[35m (0.4ms)[0m  [1m[34mSELECT "schema_migrations"."version" FROM "schema_migrations" ORDER BY "schema_migrations"."version" ASC[0m
Started POST "/user/create?firstname=&lastname=&phone=&email=&password=&active=&profile_id=&terms=&is_admin=" for 127.0.0.1 at 2020-03-27 21:39:53 +0000
  [1m[35m (1.0ms)[0m  [1m[34mSELECT "schema_migrations"."version" FROM "schema_migrations" ORDER BY "schema_migrations"."version" ASC[0m
Processing by UsersController#create as */*
  Parameters: {"firstname"=>"", "lastname"=>"", "phone"=>"", "email"=>"", "password"=>"[FILTERED]", "active"=>"", "profile_id"=>"", "terms"=>"", "is_admin"=>""}
Completed 500 Internal Server Error in 7ms (ActiveRecord: 0.0ms)


  
ArgumentError (Unknown validator: 'EmailValidator'):
  
app/models/user.rb:25:in `<class:User>'
app/models/user.rb:1:in `<top (required)>'
app/controllers/users_controller.rb:6:in `create'
Started POST "/user/create?firstname=&lastname=&phone=&email=&password=&active=&profile_id=&terms=&is_admin=" for 127.0.0.1 at 2020-03-27 21:41:18 +0000
  [1m[35m (0.6ms)[0m  [1m[34mSELECT "schema_migrations"."version" FROM "schema_migrations" ORDER BY "schema_migrations"."version" ASC[0m
Processing by UsersController#create as */*
  Parameters: {"firstname"=>"", "lastname"=>"", "phone"=>"", "email"=>"", "password"=>"[FILTERED]", "active"=>"", "profile_id"=>"", "terms"=>"", "is_admin"=>""}
  [1m[35m (0.2ms)[0m  [1m[35mBEGIN[0m
  [1m[35m (0.3ms)[0m  [1m[31mROLLBACK[0m
Completed 500 Internal Server Error in 103ms (ActiveRecord: 6.8ms)


  
NoMethodError (undefined method `json_response' for #<UsersController:0x00000002d90a60>):
  
app/controllers/users_controller.rb:8:in `create'
Started POST "/user/create?firstname=&lastname=&phone=&email=&password=&active=&profile_id=&terms=&is_admin=" for 127.0.0.1 at 2020-03-27 21:42:26 +0000
Processing by UsersController#create as */*
  Parameters: {"firstname"=>"", "lastname"=>"", "phone"=>"", "email"=>"", "password"=>"[FILTERED]", "active"=>"", "profile_id"=>"", "terms"=>"", "is_admin"=>""}
  [1m[35m (0.2ms)[0m  [1m[35mBEGIN[0m
  [1m[35m (0.5ms)[0m  [1m[31mROLLBACK[0m
Completed 200 OK in 30ms (Views: 0.7ms | ActiveRecord: 0.7ms)


Started POST "/user/create?firstname=&lastname=&phone=&email=&password=&active=&profile_id=&terms=&is_admin=" for 127.0.0.1 at 2020-03-27 21:46:23 +0000
Processing by UsersController#create as */*
  Parameters: {"firstname"=>"", "lastname"=>"", "phone"=>"", "email"=>"", "password"=>"[FILTERED]", "active"=>"", "profile_id"=>"", "terms"=>"", "is_admin"=>""}
Completed 500 Internal Server Error in 8ms (ActiveRecord: 0.0ms)


  
NoMethodError (undefined method `save' for #<Class:0x007feac8867418>):
  
app/controllers/users_controller.rb:6:in `create'
Started POST "/user/create?firstname=&lastname=&phone=&email=&password=&active=&profile_id=&terms=&is_admin=" for 127.0.0.1 at 2020-03-27 21:52:28 +0000
Processing by UsersController#create as */*
  Parameters: {"firstname"=>"", "lastname"=>"", "phone"=>"", "email"=>"", "password"=>"[FILTERED]", "active"=>"", "profile_id"=>"", "terms"=>"", "is_admin"=>""}
  [1m[35m (0.4ms)[0m  [1m[35mBEGIN[0m
  [1m[35m (0.7ms)[0m  [1m[31mROLLBACK[0m
Completed 500 Internal Server Error in 42ms (ActiveRecord: 1.1ms)


  
NoMethodError (undefined method `errors' for nil:NilClass):
  
app/controllers/users_controller.rb:10:in `create'
Started POST "/user/create?firstname=&lastname=&phone=&email=&password=&active=&profile_id=&terms=&is_admin=" for 127.0.0.1 at 2020-03-27 21:53:23 +0000
Processing by UsersController#create as */*
  Parameters: {"firstname"=>"", "lastname"=>"", "phone"=>"", "email"=>"", "password"=>"[FILTERED]", "active"=>"", "profile_id"=>"", "terms"=>"", "is_admin"=>""}
  [1m[35m (0.3ms)[0m  [1m[35mBEGIN[0m
  [1m[35m (0.5ms)[0m  [1m[31mROLLBACK[0m
Completed 200 OK in 35ms (Views: 0.4ms | ActiveRecord: 0.8ms)


Started POST "/user/create?firstname&lastname&phone&email&password&active&profile_id&terms&is_admin&created_uid&updated_uid" for 127.0.0.1 at 2020-03-27 22:03:44 +0000
  [1m[35m (1.3ms)[0m  [1m[34mSELECT "schema_migrations"."version" FROM "schema_migrations" ORDER BY "schema_migrations"."version" ASC[0m
Processing by UsersController#create as */*
  Parameters: {"firstname"=>nil, "lastname"=>nil, "phone"=>nil, "email"=>nil, "password"=>"[FILTERED]", "active"=>nil, "profile_id"=>nil, "terms"=>nil, "is_admin"=>nil, "created_uid"=>nil, "updated_uid"=>nil}
  [1m[35m (0.2ms)[0m  [1m[35mBEGIN[0m
  [1m[35m (0.2ms)[0m  [1m[31mROLLBACK[0m
Completed 200 OK in 42ms (Views: 0.3ms | ActiveRecord: 4.5ms)


Started POST "/user/create?firstname=John&lastname=Doe&phone&email&password&active&profile_id&terms&is_admin&created_uid&updated_uid" for 127.0.0.1 at 2020-03-27 22:06:23 +0000
Processing by UsersController#create as */*
  Parameters: {"firstname"=>"John", "lastname"=>"Doe", "phone"=>nil, "email"=>nil, "password"=>"[FILTERED]", "active"=>nil, "profile_id"=>nil, "terms"=>nil, "is_admin"=>nil, "created_uid"=>nil, "updated_uid"=>nil}
  [1m[35m (0.2ms)[0m  [1m[35mBEGIN[0m
  [1m[35m (0.2ms)[0m  [1m[31mROLLBACK[0m
Completed 200 OK in 23ms (Views: 0.2ms | ActiveRecord: 0.5ms)


Started POST "/user/create?firstname=John&lastname=Doe&phone&email&password&active&profile_id&terms&is_admin&created_uid&updated_uid" for 127.0.0.1 at 2020-03-27 22:06:58 +0000
Processing by UsersController#create as */*
  Parameters: {"firstname"=>"John", "lastname"=>"Doe", "phone"=>nil, "email"=>nil, "password"=>"[FILTERED]", "active"=>nil, "profile_id"=>nil, "terms"=>nil, "is_admin"=>nil, "created_uid"=>nil, "updated_uid"=>nil}
  [1m[35m (0.2ms)[0m  [1m[35mBEGIN[0m
  [1m[35m (0.3ms)[0m  [1m[31mROLLBACK[0m
Completed 200 OK in 29ms (Views: 0.2ms | ActiveRecord: 0.5ms)


Started POST "/user/create?firstname=John&lastname=Doe&phone=22502084&email&password&active&profile_id&terms&is_admin&created_uid&updated_uid" for 127.0.0.1 at 2020-03-27 22:08:14 +0000
Processing by UsersController#create as */*
  Parameters: {"firstname"=>"John", "lastname"=>"Doe", "phone"=>"22502084", "email"=>nil, "password"=>"[FILTERED]", "active"=>nil, "profile_id"=>nil, "terms"=>nil, "is_admin"=>nil, "created_uid"=>nil, "updated_uid"=>nil}
  [1m[35m (0.3ms)[0m  [1m[35mBEGIN[0m
  [1m[35m (0.7ms)[0m  [1m[31mROLLBACK[0m
Completed 200 OK in 31ms (Views: 0.3ms | ActiveRecord: 1.0ms)


Started POST "/user/create?firstname=John&lastname=Doe&phone=02502084&email&password&active&profile_id&terms&is_admin&created_uid&updated_uid" for 127.0.0.1 at 2020-03-27 22:08:25 +0000
Processing by UsersController#create as */*
  Parameters: {"firstname"=>"John", "lastname"=>"Doe", "phone"=>"02502084", "email"=>nil, "password"=>"[FILTERED]", "active"=>nil, "profile_id"=>nil, "terms"=>nil, "is_admin"=>nil, "created_uid"=>nil, "updated_uid"=>nil}
  [1m[35m (0.2ms)[0m  [1m[35mBEGIN[0m
  [1m[35m (0.8ms)[0m  [1m[31mROLLBACK[0m
Completed 200 OK in 9ms (Views: 0.3ms | ActiveRecord: 1.0ms)


Started POST "/user/create?firstname=John&lastname=Doe&phone=0250208&email&password&active&profile_id&terms&is_admin&created_uid&updated_uid" for 127.0.0.1 at 2020-03-27 22:08:33 +0000
Processing by UsersController#create as */*
  Parameters: {"firstname"=>"John", "lastname"=>"Doe", "phone"=>"0250208", "email"=>nil, "password"=>"[FILTERED]", "active"=>nil, "profile_id"=>nil, "terms"=>nil, "is_admin"=>nil, "created_uid"=>nil, "updated_uid"=>nil}
  [1m[35m (0.2ms)[0m  [1m[35mBEGIN[0m
  [1m[35m (0.2ms)[0m  [1m[31mROLLBACK[0m
Completed 200 OK in 7ms (Views: 0.6ms | ActiveRecord: 0.4ms)


Started POST "/user/create?firstname=John&lastname=Doe&phone=02502080&email&password&active&profile_id&terms&is_admin&created_uid&updated_uid" for 127.0.0.1 at 2020-03-27 22:08:42 +0000
Processing by UsersController#create as */*
  Parameters: {"firstname"=>"John", "lastname"=>"Doe", "phone"=>"02502080", "email"=>nil, "password"=>"[FILTERED]", "active"=>nil, "profile_id"=>nil, "terms"=>nil, "is_admin"=>nil, "created_uid"=>nil, "updated_uid"=>nil}
  [1m[35m (0.6ms)[0m  [1m[35mBEGIN[0m
  [1m[35m (0.3ms)[0m  [1m[31mROLLBACK[0m
Completed 200 OK in 8ms (Views: 0.2ms | ActiveRecord: 0.9ms)


Started POST "/user/create?firstname=John&lastname=Doe&phone=02502080&email&password&active&profile_id&terms&is_admin&created_uid&updated_uid" for 127.0.0.1 at 2020-03-27 22:09:16 +0000
Processing by UsersController#create as */*
  Parameters: {"firstname"=>"John", "lastname"=>"Doe", "phone"=>"02502080", "email"=>nil, "password"=>"[FILTERED]", "active"=>nil, "profile_id"=>nil, "terms"=>nil, "is_admin"=>nil, "created_uid"=>nil, "updated_uid"=>nil}
  [1m[35m (0.3ms)[0m  [1m[35mBEGIN[0m
  [1m[35m (0.6ms)[0m  [1m[31mROLLBACK[0m
Completed 200 OK in 33ms (Views: 0.3ms | ActiveRecord: 4.5ms)


Started POST "/user/create?firstname=John&lastname=Doe&phone=02502080&email&password&active&profile_id&terms&is_admin&created_uid&updated_uid" for 127.0.0.1 at 2020-03-27 22:09:52 +0000
Processing by UsersController#create as */*
  Parameters: {"firstname"=>"John", "lastname"=>"Doe", "phone"=>"02502080", "email"=>nil, "password"=>"[FILTERED]", "active"=>nil, "profile_id"=>nil, "terms"=>nil, "is_admin"=>nil, "created_uid"=>nil, "updated_uid"=>nil}
  [1m[35m (0.4ms)[0m  [1m[35mBEGIN[0m
  [1m[35m (0.3ms)[0m  [1m[31mROLLBACK[0m
Completed 200 OK in 34ms (Views: 0.6ms | ActiveRecord: 0.6ms)


Started POST "/user/create?firstname=John&lastname=Doe&phone=02502080&email=didi&password&active&profile_id&terms&is_admin&created_uid&updated_uid" for 127.0.0.1 at 2020-03-27 22:10:00 +0000
Processing by UsersController#create as */*
  Parameters: {"firstname"=>"John", "lastname"=>"Doe", "phone"=>"02502080", "email"=>"didi", "password"=>"[FILTERED]", "active"=>nil, "profile_id"=>nil, "terms"=>nil, "is_admin"=>nil, "created_uid"=>nil, "updated_uid"=>nil}
  [1m[35m (0.2ms)[0m  [1m[35mBEGIN[0m
  [1m[35m (0.3ms)[0m  [1m[31mROLLBACK[0m
Completed 200 OK in 7ms (Views: 0.3ms | ActiveRecord: 0.5ms)


Started POST "/user/create?firstname=John&lastname=Doe&phone=02502080&email=dietricherwane@live.fr&password&active&profile_id&terms&is_admin&created_uid&updated_uid" for 127.0.0.1 at 2020-03-27 22:10:12 +0000
Processing by UsersController#create as */*
  Parameters: {"firstname"=>"John", "lastname"=>"Doe", "phone"=>"02502080", "email"=>"dietricherwane@live.fr", "password"=>"[FILTERED]", "active"=>nil, "profile_id"=>nil, "terms"=>nil, "is_admin"=>nil, "created_uid"=>nil, "updated_uid"=>nil}
  [1m[35m (0.2ms)[0m  [1m[35mBEGIN[0m
  [1m[35m (0.2ms)[0m  [1m[31mROLLBACK[0m
Completed 200 OK in 12ms (Views: 0.2ms | ActiveRecord: 0.4ms)


Started POST "/user/create?firstname=John&lastname=Doe&phone=02502080&email=dietricherwane@live.fr&password=[FILTERED]&active=1&profile_id=1&terms=1&is_admin&created_uid&updated_uid" for 127.0.0.1 at 2020-03-27 22:10:46 +0000
Processing by UsersController#create as */*
  Parameters: {"firstname"=>"John", "lastname"=>"Doe", "phone"=>"02502080", "email"=>"dietricherwane@live.fr", "password"=>"[FILTERED]", "active"=>"1", "profile_id"=>"1", "terms"=>"1", "is_admin"=>nil, "created_uid"=>nil, "updated_uid"=>nil}
  [1m[35m (0.2ms)[0m  [1m[35mBEGIN[0m
  [1m[35m (0.2ms)[0m  [1m[31mROLLBACK[0m
Completed 200 OK in 5ms (Views: 0.5ms | ActiveRecord: 0.3ms)


Started POST "/user/create?firstname=John&lastname=Doe&phone=02502080&email=dietricherwane@live.fr&password=[FILTERED]&active=1&profile_id=1&terms=1&is_admin=1&created_uid=1&updated_uid=1" for 127.0.0.1 at 2020-03-27 22:13:54 +0000
Processing by UsersController#create as */*
  Parameters: {"firstname"=>"John", "lastname"=>"Doe", "phone"=>"02502080", "email"=>"dietricherwane@live.fr", "password"=>"[FILTERED]", "active"=>"1", "profile_id"=>"1", "terms"=>"1", "is_admin"=>"1", "created_uid"=>"1", "updated_uid"=>"1"}
  [1m[35m (0.2ms)[0m  [1m[35mBEGIN[0m
  [1m[35mSQL (38.9ms)[0m  [1m[32mINSERT INTO "users" ("firstname", "lastname", "phone", "email", "password", "active", "profile_id", "terms", "is_admin", "created_uid", "updated_uid", "created_at", "updated_at") VALUES ($1, $2, $3, $4, $5, $6, $7, $8, $9, $10, $11, $12, $13) RETURNING "id"[0m  [["firstname", "John"], ["lastname", "Doe"], ["phone", "02502080"], ["email", "dietricherwane@live.fr"], ["password", "duke"], ["active", 1], ["profile_id", 1], ["terms", 1], ["is_admin", 1], ["created_uid", 1], ["updated_uid", 1], ["created_at", "2020-03-27 22:13:54.116690"], ["updated_at", "2020-03-27 22:13:54.116690"]]
  [1m[35m (0.2ms)[0m  [1m[31mROLLBACK[0m
Completed 500 Internal Server Error in 73ms (ActiveRecord: 42.8ms)


  
ActiveRecord::InvalidForeignKey (PG::ForeignKeyViolation: ERROR:  insert or update on table "users" violates foreign key constraint "fk_rails_a8794354f0"
DETAIL:  Key (profile_id)=(1) is not present in table "profiles".
: INSERT INTO "users" ("firstname", "lastname", "phone", "email", "password", "active", "profile_id", "terms", "is_admin", "created_uid", "updated_uid", "created_at", "updated_at") VALUES ($1, $2, $3, $4, $5, $6, $7, $8, $9, $10, $11, $12, $13) RETURNING "id"):
  
app/controllers/users_controller.rb:7:in `create'
Started POST "/user/create?firstname=John&lastname=Doe&phone=02502080&email=dietricherwane@live.fr&password=[FILTERED]&active=1&profile_id=1&terms=1&is_admin=1&created_uid=6&updated_uid=1" for 127.0.0.1 at 2020-03-27 22:14:42 +0000
Processing by UsersController#create as */*
  Parameters: {"firstname"=>"John", "lastname"=>"Doe", "phone"=>"02502080", "email"=>"dietricherwane@live.fr", "password"=>"[FILTERED]", "active"=>"1", "profile_id"=>"1", "terms"=>"1", "is_admin"=>"1", "created_uid"=>"6", "updated_uid"=>"1"}
  [1m[35m (0.2ms)[0m  [1m[35mBEGIN[0m
  [1m[35m (0.3ms)[0m  [1m[31mROLLBACK[0m
Completed 200 OK in 7ms (Views: 0.3ms | ActiveRecord: 0.5ms)


Started POST "/user/create?firstname=John&lastname=Doe&phone=02502080&email=dietricherwane@live.fr&password=[FILTERED]&active=1&profile_id=1&terms=1&is_admin=1&created_uid=6&updated_uid=1" for 127.0.0.1 at 2020-03-27 22:18:27 +0000
Processing by UsersController#create as */*
  Parameters: {"firstname"=>"John", "lastname"=>"Doe", "phone"=>"02502080", "email"=>"dietricherwane@live.fr", "password"=>"[FILTERED]", "active"=>"1", "profile_id"=>"1", "terms"=>"1", "is_admin"=>"1", "created_uid"=>"6", "updated_uid"=>"1"}
  [1m[35m (0.6ms)[0m  [1m[35mBEGIN[0m
  [1m[36mUser Exists (0.5ms)[0m  [1m[34mSELECT  1 AS one FROM "users" WHERE "users"."phone" = $1 LIMIT $2[0m  [["phone", "02502080"], ["LIMIT", 1]]
  [1m[36mUser Exists (0.2ms)[0m  [1m[34mSELECT  1 AS one FROM "users" WHERE "users"."email" = $1 LIMIT $2[0m  [["email", "dietricherwane@live.fr"], ["LIMIT", 1]]
  [1m[35mSQL (1.1ms)[0m  [1m[32mINSERT INTO "users" ("firstname", "lastname", "phone", "email", "password", "active", "profile_id", "terms", "is_admin", "created_uid", "updated_uid", "created_at", "updated_at") VALUES ($1, $2, $3, $4, $5, $6, $7, $8, $9, $10, $11, $12, $13) RETURNING "id"[0m  [["firstname", "John"], ["lastname", "Doe"], ["phone", "02502080"], ["email", "dietricherwane@live.fr"], ["password", "duke"], ["active", 1], ["profile_id", 1], ["terms", 1], ["is_admin", 1], ["created_uid", 6], ["updated_uid", 1], ["created_at", "2020-03-27 22:18:27.600551"], ["updated_at", "2020-03-27 22:18:27.600551"]]
  [1m[35m (0.2ms)[0m  [1m[31mROLLBACK[0m
Completed 500 Internal Server Error in 62ms (ActiveRecord: 7.3ms)


  
ActiveRecord::InvalidForeignKey (PG::ForeignKeyViolation: ERROR:  insert or update on table "users" violates foreign key constraint "fk_rails_a8794354f0"
DETAIL:  Key (profile_id)=(1) is not present in table "profiles".
: INSERT INTO "users" ("firstname", "lastname", "phone", "email", "password", "active", "profile_id", "terms", "is_admin", "created_uid", "updated_uid", "created_at", "updated_at") VALUES ($1, $2, $3, $4, $5, $6, $7, $8, $9, $10, $11, $12, $13) RETURNING "id"):
  
app/controllers/users_controller.rb:7:in `create'
Started POST "/user/create?firstname=John&lastname=Doe&phone=02502080&email=dietricherwane@live.fr&password=[FILTERED]&active=1&profile_id=1&terms=1&is_admin=1&created_uid=6&updated_uid=1" for 127.0.0.1 at 2020-03-27 22:23:01 +0000
  [1m[35m (1.0ms)[0m  [1m[34mSELECT "schema_migrations"."version" FROM "schema_migrations" ORDER BY "schema_migrations"."version" ASC[0m
Processing by UsersController#create as */*
  Parameters: {"firstname"=>"John", "lastname"=>"Doe", "phone"=>"02502080", "email"=>"dietricherwane@live.fr", "password"=>"[FILTERED]", "active"=>"1", "profile_id"=>"1", "terms"=>"1", "is_admin"=>"1", "created_uid"=>"6", "updated_uid"=>"1"}
  [1m[35m (0.2ms)[0m  [1m[35mBEGIN[0m
  [1m[36mUser Exists (0.6ms)[0m  [1m[34mSELECT  1 AS one FROM "users" WHERE "users"."phone" = $1 LIMIT $2[0m  [["phone", "02502080"], ["LIMIT", 1]]
  [1m[36mUser Exists (0.9ms)[0m  [1m[34mSELECT  1 AS one FROM "users" WHERE "users"."email" = $1 LIMIT $2[0m  [["email", "dietricherwane@live.fr"], ["LIMIT", 1]]
  [1m[35m (0.2ms)[0m  [1m[31mROLLBACK[0m
Completed 500 Internal Server Error in 37ms (ActiveRecord: 8.3ms)


  
NoMethodError (undefined method `profile' for #<User:0x0000000438cf80>):
  
app/validators/profile_validator.rb:3:in `validate'
app/controllers/users_controller.rb:7:in `create'
Started POST "/user/create?firstname=John&lastname=Doe&phone=02502080&email=dietricherwane@live.fr&password=[FILTERED]&active=1&profile_id=1&terms=1&is_admin=1&created_uid=6&updated_uid=1" for 127.0.0.1 at 2020-03-27 22:23:48 +0000
Processing by UsersController#create as */*
  Parameters: {"firstname"=>"John", "lastname"=>"Doe", "phone"=>"02502080", "email"=>"dietricherwane@live.fr", "password"=>"[FILTERED]", "active"=>"1", "profile_id"=>"1", "terms"=>"1", "is_admin"=>"1", "created_uid"=>"6", "updated_uid"=>"1"}
  [1m[35m (0.8ms)[0m  [1m[35mBEGIN[0m
  [1m[36mUser Exists (0.5ms)[0m  [1m[34mSELECT  1 AS one FROM "users" WHERE "users"."phone" = $1 LIMIT $2[0m  [["phone", "02502080"], ["LIMIT", 1]]
  [1m[36mUser Exists (0.3ms)[0m  [1m[34mSELECT  1 AS one FROM "users" WHERE "users"."email" = $1 LIMIT $2[0m  [["email", "dietricherwane@live.fr"], ["LIMIT", 1]]
  [1m[36mProfile Load (0.5ms)[0m  [1m[34mSELECT  "profiles".* FROM "profiles" WHERE "profiles"."id" = $1 LIMIT $2[0m  [["id", 1], ["LIMIT", 1]]
  [1m[35m (0.6ms)[0m  [1m[31mROLLBACK[0m
Completed 404 Not Found in 61ms (ActiveRecord: 6.5ms)


  
ActiveRecord::RecordNotFound (Couldn't find Profile with 'id'=1):
  
app/validators/profile_validator.rb:3:in `validate'
app/controllers/users_controller.rb:7:in `create'
Started POST "/user/create?firstname=John&lastname=Doe&phone=02502080&email=dietricherwane@live.fr&password=[FILTERED]&active=1&profile_id=1&terms=1&is_admin=1&created_uid=6&updated_uid=1" for 127.0.0.1 at 2020-03-27 22:24:27 +0000
Processing by UsersController#create as */*
  Parameters: {"firstname"=>"John", "lastname"=>"Doe", "phone"=>"02502080", "email"=>"dietricherwane@live.fr", "password"=>"[FILTERED]", "active"=>"1", "profile_id"=>"1", "terms"=>"1", "is_admin"=>"1", "created_uid"=>"6", "updated_uid"=>"1"}
  [1m[35m (0.3ms)[0m  [1m[35mBEGIN[0m
  [1m[36mUser Exists (0.6ms)[0m  [1m[34mSELECT  1 AS one FROM "users" WHERE "users"."phone" = $1 LIMIT $2[0m  [["phone", "02502080"], ["LIMIT", 1]]
  [1m[36mUser Exists (0.4ms)[0m  [1m[34mSELECT  1 AS one FROM "users" WHERE "users"."email" = $1 LIMIT $2[0m  [["email", "dietricherwane@live.fr"], ["LIMIT", 1]]
  [1m[36mProfile Load (0.4ms)[0m  [1m[34mSELECT  "profiles".* FROM "profiles" WHERE "profiles"."id" = $1 LIMIT $2[0m  [["id", 1], ["LIMIT", 1]]
  [1m[35m (6.1ms)[0m  [1m[31mROLLBACK[0m
Completed 200 OK in 57ms (Views: 0.4ms | ActiveRecord: 7.9ms)


Started POST "/profile/create?name=Observateur&description=&created_uid=1&updated_uid=1" for 127.0.0.1 at 2020-03-27 22:34:12 +0000
  
ActionController::RoutingError (uninitialized constant ProfilessController):
  
activesupport (5.1.7) lib/active_support/inflector/methods.rb:269:in `const_get'
activesupport (5.1.7) lib/active_support/inflector/methods.rb:269:in `block in constantize'
activesupport (5.1.7) lib/active_support/inflector/methods.rb:267:in `each'
activesupport (5.1.7) lib/active_support/inflector/methods.rb:267:in `inject'
activesupport (5.1.7) lib/active_support/inflector/methods.rb:267:in `constantize'
actionpack (5.1.7) lib/action_dispatch/http/request.rb:85:in `controller_class_for'
actionpack (5.1.7) lib/action_dispatch/http/request.rb:78:in `controller_class'
actionpack (5.1.7) lib/action_dispatch/routing/route_set.rb:43:in `controller'
actionpack (5.1.7) lib/action_dispatch/routing/route_set.rb:29:in `serve'
actionpack (5.1.7) lib/action_dispatch/journey/router.rb:50:in `block in serve'
actionpack (5.1.7) lib/action_dispatch/journey/router.rb:33:in `each'
actionpack (5.1.7) lib/action_dispatch/journey/router.rb:33:in `serve'
actionpack (5.1.7) lib/action_dispatch/routing/route_set.rb:844:in `call'
rack (2.1.2) lib/rack/etag.rb:27:in `call'
rack (2.1.2) lib/rack/conditional_get.rb:40:in `call'
rack (2.1.2) lib/rack/head.rb:14:in `call'
activerecord (5.1.7) lib/active_record/migration.rb:556:in `call'
actionpack (5.1.7) lib/action_dispatch/middleware/callbacks.rb:26:in `block in call'
activesupport (5.1.7) lib/active_support/callbacks.rb:97:in `run_callbacks'
actionpack (5.1.7) lib/action_dispatch/middleware/callbacks.rb:24:in `call'
actionpack (5.1.7) lib/action_dispatch/middleware/executor.rb:12:in `call'
actionpack (5.1.7) lib/action_dispatch/middleware/debug_exceptions.rb:59:in `call'
actionpack (5.1.7) lib/action_dispatch/middleware/show_exceptions.rb:31:in `call'
railties (5.1.7) lib/rails/rack/logger.rb:36:in `call_app'
railties (5.1.7) lib/rails/rack/logger.rb:24:in `block in call'
activesupport (5.1.7) lib/active_support/tagged_logging.rb:69:in `block in tagged'
activesupport (5.1.7) lib/active_support/tagged_logging.rb:26:in `tagged'
activesupport (5.1.7) lib/active_support/tagged_logging.rb:69:in `tagged'
railties (5.1.7) lib/rails/rack/logger.rb:24:in `call'
actionpack (5.1.7) lib/action_dispatch/middleware/remote_ip.rb:79:in `call'
actionpack (5.1.7) lib/action_dispatch/middleware/request_id.rb:25:in `call'
rack (2.1.2) lib/rack/runtime.rb:24:in `call'
activesupport (5.1.7) lib/active_support/cache/strategy/local_cache_middleware.rb:27:in `call'
actionpack (5.1.7) lib/action_dispatch/middleware/executor.rb:12:in `call'
actionpack (5.1.7) lib/action_dispatch/middleware/static.rb:125:in `call'
rack (2.1.2) lib/rack/sendfile.rb:113:in `call'
railties (5.1.7) lib/rails/engine.rb:522:in `call'
puma (3.12.4) lib/puma/configuration.rb:227:in `call'
puma (3.12.4) lib/puma/server.rb:675:in `handle_request'
puma (3.12.4) lib/puma/server.rb:476:in `process_client'
puma (3.12.4) lib/puma/server.rb:334:in `block in run'
puma (3.12.4) lib/puma/thread_pool.rb:135:in `call'
puma (3.12.4) lib/puma/thread_pool.rb:135:in `block in spawn_thread'
Started POST "/profile/create?name=Observateur&description=&created_uid=1&updated_uid=1" for 127.0.0.1 at 2020-03-27 22:34:26 +0000
Processing by ProfilesController#create as */*
  Parameters: {"name"=>"Observateur", "description"=>"", "created_uid"=>"1", "updated_uid"=>"1"}
  [1m[35m (0.2ms)[0m  [1m[35mBEGIN[0m
  [1m[35m (0.2ms)[0m  [1m[31mROLLBACK[0m
Completed 200 OK in 24ms (Views: 0.2ms | ActiveRecord: 4.3ms)


Started POST "/profile/create?name=Observateur&description=Observateur&created_uid=1&updated_uid=1" for 127.0.0.1 at 2020-03-27 22:34:42 +0000
Processing by ProfilesController#create as */*
  Parameters: {"name"=>"Observateur", "description"=>"Observateur", "created_uid"=>"1", "updated_uid"=>"1"}
  [1m[35m (0.2ms)[0m  [1m[35mBEGIN[0m
  [1m[35mSQL (1.1ms)[0m  [1m[32mINSERT INTO "profiles" ("name", "description", "created_uid", "updated_uid", "created_at", "updated_at") VALUES ($1, $2, $3, $4, $5, $6) RETURNING "id"[0m  [["name", "Observateur"], ["description", "Observateur"], ["created_uid", 1], ["updated_uid", 1], ["created_at", "2020-03-27 22:34:42.138355"], ["updated_at", "2020-03-27 22:34:42.138355"]]
  [1m[35m (41.3ms)[0m  [1m[35mCOMMIT[0m
Completed 200 OK in 48ms (Views: 0.3ms | ActiveRecord: 42.6ms)


Started POST "/profiles" for 127.0.0.1 at 2020-03-27 22:38:58 +0000
  
ActionController::RoutingError (No route matches [POST] "/profiles"):
  
actionpack (5.1.7) lib/action_dispatch/middleware/debug_exceptions.rb:63:in `call'
actionpack (5.1.7) lib/action_dispatch/middleware/show_exceptions.rb:31:in `call'
railties (5.1.7) lib/rails/rack/logger.rb:36:in `call_app'
railties (5.1.7) lib/rails/rack/logger.rb:24:in `block in call'
activesupport (5.1.7) lib/active_support/tagged_logging.rb:69:in `block in tagged'
activesupport (5.1.7) lib/active_support/tagged_logging.rb:26:in `tagged'
activesupport (5.1.7) lib/active_support/tagged_logging.rb:69:in `tagged'
railties (5.1.7) lib/rails/rack/logger.rb:24:in `call'
actionpack (5.1.7) lib/action_dispatch/middleware/remote_ip.rb:79:in `call'
actionpack (5.1.7) lib/action_dispatch/middleware/request_id.rb:25:in `call'
rack (2.1.2) lib/rack/runtime.rb:24:in `call'
activesupport (5.1.7) lib/active_support/cache/strategy/local_cache_middleware.rb:27:in `call'
actionpack (5.1.7) lib/action_dispatch/middleware/executor.rb:12:in `call'
actionpack (5.1.7) lib/action_dispatch/middleware/static.rb:125:in `call'
rack (2.1.2) lib/rack/sendfile.rb:113:in `call'
railties (5.1.7) lib/rails/engine.rb:522:in `call'
puma (3.12.4) lib/puma/configuration.rb:227:in `call'
puma (3.12.4) lib/puma/server.rb:675:in `handle_request'
puma (3.12.4) lib/puma/server.rb:476:in `process_client'
puma (3.12.4) lib/puma/server.rb:334:in `block in run'
puma (3.12.4) lib/puma/thread_pool.rb:135:in `call'
puma (3.12.4) lib/puma/thread_pool.rb:135:in `block in spawn_thread'
Started GET "/profiles" for 127.0.0.1 at 2020-03-27 22:39:25 +0000
Processing by ProfilesController#list as */*
  [1m[36mProfile Load (0.4ms)[0m  [1m[34mSELECT "profiles".* FROM "profiles" ORDER BY name ASC[0m
Completed 200 OK in 78ms (Views: 65.3ms | ActiveRecord: 5.8ms)


Started GET "/profiles" for 127.0.0.1 at 2020-03-27 22:40:51 +0000
Processing by ProfilesController#list as */*
  [1m[36mProfile Load (0.3ms)[0m  [1m[34mSELECT "profiles".* FROM "profiles" ORDER BY name ASC[0m
Completed 200 OK in 15ms (Views: 10.7ms | ActiveRecord: 0.3ms)


Started PUT "/profile/5?name=&description=&created_uid=&updated_uid=" for 127.0.0.1 at 2020-03-27 22:51:37 +0000
Processing by ProfilesController#update as */*
  Parameters: {"name"=>"", "description"=>"", "created_uid"=>"", "updated_uid"=>"", "id"=>"5"}
Completed 500 Internal Server Error in 26ms (ActiveRecord: 0.0ms)


  
SyntaxError (/home/dietrich/Projects/Rails/covid-backend-api/app/models/profile.rb:17: syntax error, unexpected tIDENTIFIER, expecting '}'
  validates :name, uniqueness: {message "existe déjà"}
           ^
/home/dietrich/Projects/Rails/covid-backend-api/app/models/profile.rb:17: syntax error, unexpected tSTRING_BEG, expecting keyword_do or '{' or '('
  validates :name, uniqueness: {message "existe déjà"}
                                         ^
/home/dietrich/Projects/Rails/covid-backend-api/app/models/profile.rb:17: syntax error, unexpected '}', expecting keyword_end):
  
app/models/profile.rb:17: syntax error, unexpected tIDENTIFIER, expecting '}'
app/models/profile.rb:17: syntax error, unexpected tSTRING_BEG, expecting keyword_do or '{' or '('
app/models/profile.rb:17: syntax error, unexpected '}', expecting keyword_end
app/controllers/profiles_controller.rb:47:in `set_profile'
Started PUT "/profile/5?name=&description=&created_uid=&updated_uid=" for 127.0.0.1 at 2020-03-27 22:52:01 +0000
Processing by ProfilesController#update as */*
  Parameters: {"name"=>"", "description"=>"", "created_uid"=>"", "updated_uid"=>"", "id"=>"5"}
Completed 500 Internal Server Error in 1ms (ActiveRecord: 0.0ms)


  
SyntaxError (/home/dietrich/Projects/Rails/covid-backend-api/app/models/profile.rb:17: syntax error, unexpected tIDENTIFIER, expecting '}'
  validates :name, uniqueness: {message: "existe déjà"}
           ^):
  
app/models/profile.rb:17: syntax error, unexpected tIDENTIFIER, expecting '}'
app/controllers/profiles_controller.rb:47:in `set_profile'
Started PUT "/profile/5?name=&description=&created_uid=&updated_uid=" for 127.0.0.1 at 2020-03-27 22:52:31 +0000
Processing by ProfilesController#update as */*
  Parameters: {"name"=>"", "description"=>"", "created_uid"=>"", "updated_uid"=>"", "id"=>"5"}
  [1m[36mProfile Load (0.3ms)[0m  [1m[34mSELECT  "profiles".* FROM "profiles" WHERE "profiles"."id" = $1 LIMIT $2[0m  [["id", 5], ["LIMIT", 1]]
Completed 200 OK in 9ms (Views: 0.2ms | ActiveRecord: 1.5ms)


Started PUT "/profile/1?name=&description=&created_uid=&updated_uid=" for 127.0.0.1 at 2020-03-27 22:52:43 +0000
Processing by ProfilesController#update as */*
  Parameters: {"name"=>"", "description"=>"", "created_uid"=>"", "updated_uid"=>"", "id"=>"1"}
  [1m[36mProfile Load (0.5ms)[0m  [1m[34mSELECT  "profiles".* FROM "profiles" WHERE "profiles"."id" = $1 LIMIT $2[0m  [["id", 1], ["LIMIT", 1]]
Unpermitted parameter: :id
  [1m[35m (2.5ms)[0m  [1m[35mBEGIN[0m
  [1m[36mProfile Exists (6.5ms)[0m  [1m[34mSELECT  1 AS one FROM "profiles" WHERE "profiles"."name" = $1 AND ("profiles"."id" != $2) LIMIT $3[0m  [["name", ""], ["id", 1], ["LIMIT", 1]]
  [1m[35m (2.2ms)[0m  [1m[31mROLLBACK[0m
Completed 200 OK in 42ms (Views: 0.2ms | ActiveRecord: 16.1ms)


Started PUT "/profile/1?name=Observateur&description=Observateur&created_uid=1&updated_uid=1" for 127.0.0.1 at 2020-03-27 22:53:05 +0000
Processing by ProfilesController#update as */*
  Parameters: {"name"=>"Observateur", "description"=>"Observateur", "created_uid"=>"1", "updated_uid"=>"1", "id"=>"1"}
  [1m[36mProfile Load (0.3ms)[0m  [1m[34mSELECT  "profiles".* FROM "profiles" WHERE "profiles"."id" = $1 LIMIT $2[0m  [["id", 1], ["LIMIT", 1]]
Unpermitted parameter: :id
  [1m[35m (1.0ms)[0m  [1m[35mBEGIN[0m
  [1m[36mProfile Exists (0.5ms)[0m  [1m[34mSELECT  1 AS one FROM "profiles" WHERE "profiles"."name" = $1 AND ("profiles"."id" != $2) LIMIT $3[0m  [["name", "Observateur"], ["id", 1], ["LIMIT", 1]]
  [1m[35m (1.0ms)[0m  [1m[35mCOMMIT[0m
Completed 200 OK in 7ms (Views: 0.2ms | ActiveRecord: 2.7ms)


Started PUT "/profile/1?name=Observateure&description=Observateur&created_uid=1&updated_uid=1" for 127.0.0.1 at 2020-03-27 22:53:30 +0000
Processing by ProfilesController#update as */*
  Parameters: {"name"=>"Observateure", "description"=>"Observateur", "created_uid"=>"1", "updated_uid"=>"1", "id"=>"1"}
  [1m[36mProfile Load (0.4ms)[0m  [1m[34mSELECT  "profiles".* FROM "profiles" WHERE "profiles"."id" = $1 LIMIT $2[0m  [["id", 1], ["LIMIT", 1]]
Unpermitted parameter: :id
  [1m[35m (0.1ms)[0m  [1m[35mBEGIN[0m
  [1m[36mProfile Exists (0.3ms)[0m  [1m[34mSELECT  1 AS one FROM "profiles" WHERE "profiles"."name" = $1 AND ("profiles"."id" != $2) LIMIT $3[0m  [["name", "Observateure"], ["id", 1], ["LIMIT", 1]]
  [1m[35mSQL (0.4ms)[0m  [1m[33mUPDATE "profiles" SET "name" = $1, "updated_at" = $2 WHERE "profiles"."id" = $3[0m  [["name", "Observateure"], ["updated_at", "2020-03-27 22:53:30.792686"], ["id", 1]]
  [1m[35m (47.6ms)[0m  [1m[35mCOMMIT[0m
Completed 200 OK in 55ms (Views: 0.3ms | ActiveRecord: 48.8ms)


Started PUT "/profile/1?name=Observateur&description=Observateur&created_uid=1&updated_uid=1" for 127.0.0.1 at 2020-03-27 22:53:47 +0000
Processing by ProfilesController#update as */*
  Parameters: {"name"=>"Observateur", "description"=>"Observateur", "created_uid"=>"1", "updated_uid"=>"1", "id"=>"1"}
  [1m[36mProfile Load (0.4ms)[0m  [1m[34mSELECT  "profiles".* FROM "profiles" WHERE "profiles"."id" = $1 LIMIT $2[0m  [["id", 1], ["LIMIT", 1]]
Unpermitted parameter: :id
  [1m[35m (0.1ms)[0m  [1m[35mBEGIN[0m
  [1m[36mProfile Exists (0.4ms)[0m  [1m[34mSELECT  1 AS one FROM "profiles" WHERE "profiles"."name" = $1 AND ("profiles"."id" != $2) LIMIT $3[0m  [["name", "Observateur"], ["id", 1], ["LIMIT", 1]]
  [1m[35mSQL (0.7ms)[0m  [1m[33mUPDATE "profiles" SET "name" = $1, "updated_at" = $2 WHERE "profiles"."id" = $3[0m  [["name", "Observateur"], ["updated_at", "2020-03-27 22:53:47.683150"], ["id", 1]]
  [1m[35m (13.6ms)[0m  [1m[35mCOMMIT[0m
Completed 200 OK in 20ms (Views: 0.3ms | ActiveRecord: 15.2ms)


Started POST "/profile/create?name=Observateur&description=Observateur&created_uid=1&updated_uid=1" for 127.0.0.1 at 2020-03-27 22:54:02 +0000
Processing by ProfilesController#create as */*
  Parameters: {"name"=>"Observateur", "description"=>"Observateur", "created_uid"=>"1", "updated_uid"=>"1"}
  [1m[35m (0.1ms)[0m  [1m[35mBEGIN[0m
  [1m[36mProfile Exists (0.4ms)[0m  [1m[34mSELECT  1 AS one FROM "profiles" WHERE "profiles"."name" = $1 LIMIT $2[0m  [["name", "Observateur"], ["LIMIT", 1]]
  [1m[35m (0.2ms)[0m  [1m[31mROLLBACK[0m
Completed 200 OK in 5ms (Views: 0.2ms | ActiveRecord: 0.8ms)


Started POST "/user/create?firstname=John&lastname=Doe&phone=02502080&email=dietricherwane@live.fr&password=[FILTERED]&active=1&profile_id=1&terms=1&is_admin=1&created_uid=1&updated_uid=1" for 127.0.0.1 at 2020-03-27 22:54:54 +0000
Processing by UsersController#create as */*
  Parameters: {"firstname"=>"John", "lastname"=>"Doe", "phone"=>"02502080", "email"=>"dietricherwane@live.fr", "password"=>"[FILTERED]", "active"=>"1", "profile_id"=>"1", "terms"=>"1", "is_admin"=>"1", "created_uid"=>"1", "updated_uid"=>"1"}
  [1m[35m (0.2ms)[0m  [1m[35mBEGIN[0m
  [1m[36mUser Exists (0.6ms)[0m  [1m[34mSELECT  1 AS one FROM "users" WHERE "users"."phone" = $1 LIMIT $2[0m  [["phone", "02502080"], ["LIMIT", 1]]
  [1m[36mUser Exists (0.5ms)[0m  [1m[34mSELECT  1 AS one FROM "users" WHERE "users"."email" = $1 LIMIT $2[0m  [["email", "dietricherwane@live.fr"], ["LIMIT", 1]]
  [1m[36mProfile Load (0.6ms)[0m  [1m[34mSELECT  "profiles".* FROM "profiles" WHERE "profiles"."id" = $1 LIMIT $2[0m  [["id", 1], ["LIMIT", 1]]
  [1m[35mSQL (0.9ms)[0m  [1m[32mINSERT INTO "users" ("firstname", "lastname", "phone", "email", "password", "active", "profile_id", "terms", "is_admin", "created_uid", "updated_uid", "created_at", "updated_at") VALUES ($1, $2, $3, $4, $5, $6, $7, $8, $9, $10, $11, $12, $13) RETURNING "id"[0m  [["firstname", "John"], ["lastname", "Doe"], ["phone", "02502080"], ["email", "dietricherwane@live.fr"], ["password", "duke"], ["active", 1], ["profile_id", 1], ["terms", 1], ["is_admin", 1], ["created_uid", 1], ["updated_uid", 1], ["created_at", "2020-03-27 22:54:54.664844"], ["updated_at", "2020-03-27 22:54:54.664844"]]
  [1m[35m (38.1ms)[0m  [1m[35mCOMMIT[0m
Completed 200 OK in 85ms (Views: 0.3ms | ActiveRecord: 45.7ms)


Started POST "/user/create?firstname=John&lastname=Doe&phone=02502080&email=dietricherwane@live.fr&password=[FILTERED]&active=1&profile_id=1&terms=1&is_admin=1&created_uid=1&updated_uid=1" for 127.0.0.1 at 2020-03-27 22:54:56 +0000
Processing by UsersController#create as */*
  Parameters: {"firstname"=>"John", "lastname"=>"Doe", "phone"=>"02502080", "email"=>"dietricherwane@live.fr", "password"=>"[FILTERED]", "active"=>"1", "profile_id"=>"1", "terms"=>"1", "is_admin"=>"1", "created_uid"=>"1", "updated_uid"=>"1"}
  [1m[35m (0.2ms)[0m  [1m[35mBEGIN[0m
  [1m[36mUser Exists (0.6ms)[0m  [1m[34mSELECT  1 AS one FROM "users" WHERE "users"."phone" = $1 LIMIT $2[0m  [["phone", "02502080"], ["LIMIT", 1]]
  [1m[36mUser Exists (0.4ms)[0m  [1m[34mSELECT  1 AS one FROM "users" WHERE "users"."email" = $1 LIMIT $2[0m  [["email", "dietricherwane@live.fr"], ["LIMIT", 1]]
  [1m[36mProfile Load (0.4ms)[0m  [1m[34mSELECT  "profiles".* FROM "profiles" WHERE "profiles"."id" = $1 LIMIT $2[0m  [["id", 1], ["LIMIT", 1]]
  [1m[35m (0.2ms)[0m  [1m[31mROLLBACK[0m
Completed 200 OK in 9ms (Views: 0.5ms | ActiveRecord: 1.7ms)


Started GET "/profile/1" for 127.0.0.1 at 2020-03-27 22:58:54 +0000
Processing by ProfilesController#show as */*
  Parameters: {"id"=>"1"}
  [1m[36mProfile Load (0.3ms)[0m  [1m[34mSELECT  "profiles".* FROM "profiles" WHERE "profiles"."id" = $1 LIMIT $2[0m  [["id", 1], ["LIMIT", 1]]
Completed 200 OK in 22ms (Views: 0.7ms | ActiveRecord: 3.9ms)


Started POST "/profile/create?name=Veilleur&description=Veilleur&created_uid=1&updated_uid=1" for 127.0.0.1 at 2020-03-27 23:08:27 +0000
Processing by ProfilesController#create as */*
  Parameters: {"name"=>"Veilleur", "description"=>"Veilleur", "created_uid"=>"1", "updated_uid"=>"1"}
  [1m[35m (0.1ms)[0m  [1m[35mBEGIN[0m
  [1m[36mProfile Exists (0.5ms)[0m  [1m[34mSELECT  1 AS one FROM "profiles" WHERE "profiles"."name" = $1 LIMIT $2[0m  [["name", "Veilleur"], ["LIMIT", 1]]
  [1m[35mSQL (0.8ms)[0m  [1m[32mINSERT INTO "profiles" ("name", "description", "created_uid", "updated_uid", "created_at", "updated_at") VALUES ($1, $2, $3, $4, $5, $6) RETURNING "id"[0m  [["name", "Veilleur"], ["description", "Veilleur"], ["created_uid", 1], ["updated_uid", 1], ["created_at", "2020-03-27 23:08:27.325790"], ["updated_at", "2020-03-27 23:08:27.325790"]]
  [1m[35m (41.6ms)[0m  [1m[35mCOMMIT[0m
Completed 200 OK in 50ms (Views: 0.4ms | ActiveRecord: 43.0ms)


Started POST "/profile/create?name=Veilleur&description=Veilleur&created_uid=1&updated_uid=1" for 127.0.0.1 at 2020-03-27 23:09:00 +0000
Processing by ProfilesController#create as */*
  Parameters: {"name"=>"Veilleur", "description"=>"Veilleur", "created_uid"=>"1", "updated_uid"=>"1"}
  [1m[35m (0.2ms)[0m  [1m[35mBEGIN[0m
  [1m[36mProfile Exists (0.4ms)[0m  [1m[34mSELECT  1 AS one FROM "profiles" WHERE "profiles"."name" = $1 LIMIT $2[0m  [["name", "Veilleur"], ["LIMIT", 1]]
  [1m[35m (0.2ms)[0m  [1m[31mROLLBACK[0m
Completed 200 OK in 8ms (Views: 0.3ms | ActiveRecord: 0.9ms)


Started PUT "/profile/1?name=Observateur&description=&created_uid=1&updated_uid=1" for 127.0.0.1 at 2020-03-27 23:09:29 +0000
Processing by ProfilesController#update as */*
  Parameters: {"name"=>"Observateur", "description"=>"", "created_uid"=>"1", "updated_uid"=>"1", "id"=>"1"}
  [1m[36mProfile Load (0.2ms)[0m  [1m[34mSELECT  "profiles".* FROM "profiles" WHERE "profiles"."id" = $1 LIMIT $2[0m  [["id", 1], ["LIMIT", 1]]
Unpermitted parameter: :id
  [1m[35m (0.1ms)[0m  [1m[35mBEGIN[0m
  [1m[36mProfile Exists (0.3ms)[0m  [1m[34mSELECT  1 AS one FROM "profiles" WHERE "profiles"."name" = $1 AND ("profiles"."id" != $2) LIMIT $3[0m  [["name", "Observateur"], ["id", 1], ["LIMIT", 1]]
  [1m[35m (0.1ms)[0m  [1m[31mROLLBACK[0m
Completed 200 OK in 4ms (Views: 0.2ms | ActiveRecord: 0.8ms)


Started POST "/user/create?firstname=John&lastname=Doe&phone=02502088&email=dietricherwane@live.com&password=[FILTERED]&active=1&profile_id=1&terms=1&is_admin=1&created_uid=1&updated_uid=1" for 127.0.0.1 at 2020-03-27 23:10:35 +0000
Processing by UsersController#create as */*
  Parameters: {"firstname"=>"John", "lastname"=>"Doe", "phone"=>"02502088", "email"=>"dietricherwane@live.com", "password"=>"[FILTERED]", "active"=>"1", "profile_id"=>"1", "terms"=>"1", "is_admin"=>"1", "created_uid"=>"1", "updated_uid"=>"1"}
  [1m[35m (0.2ms)[0m  [1m[35mBEGIN[0m
  [1m[36mUser Exists (0.4ms)[0m  [1m[34mSELECT  1 AS one FROM "users" WHERE "users"."phone" = $1 LIMIT $2[0m  [["phone", "02502088"], ["LIMIT", 1]]
  [1m[36mUser Exists (3.4ms)[0m  [1m[34mSELECT  1 AS one FROM "users" WHERE "users"."email" = $1 LIMIT $2[0m  [["email", "dietricherwane@live.com"], ["LIMIT", 1]]
  [1m[36mProfile Load (0.8ms)[0m  [1m[34mSELECT  "profiles".* FROM "profiles" WHERE "profiles"."id" = $1 LIMIT $2[0m  [["id", 1], ["LIMIT", 1]]
  [1m[35mSQL (0.8ms)[0m  [1m[32mINSERT INTO "users" ("firstname", "lastname", "phone", "email", "password", "active", "profile_id", "terms", "is_admin", "created_uid", "updated_uid", "created_at", "updated_at") VALUES ($1, $2, $3, $4, $5, $6, $7, $8, $9, $10, $11, $12, $13) RETURNING "id"[0m  [["firstname", "John"], ["lastname", "Doe"], ["phone", "02502088"], ["email", "dietricherwane@live.com"], ["password", "duke"], ["active", 1], ["profile_id", 1], ["terms", 1], ["is_admin", 1], ["created_uid", 1], ["updated_uid", 1], ["created_at", "2020-03-27 23:10:35.092650"], ["updated_at", "2020-03-27 23:10:35.092650"]]
  [1m[35m (10.8ms)[0m  [1m[35mCOMMIT[0m
Completed 200 OK in 49ms (Views: 0.3ms | ActiveRecord: 20.1ms)


Started POST "/user/create?firstname=John&lastname=Doe&phone=02502088&email=dietricherwane@live.com&password=[FILTERED]&active=1&profile_id=1&terms=1&is_admin=1&created_uid=1&updated_uid=1" for 127.0.0.1 at 2020-03-27 23:11:03 +0000
Processing by UsersController#create as */*
  Parameters: {"firstname"=>"John", "lastname"=>"Doe", "phone"=>"02502088", "email"=>"dietricherwane@live.com", "password"=>"[FILTERED]", "active"=>"1", "profile_id"=>"1", "terms"=>"1", "is_admin"=>"1", "created_uid"=>"1", "updated_uid"=>"1"}
  [1m[35m (0.2ms)[0m  [1m[35mBEGIN[0m
  [1m[36mUser Exists (0.4ms)[0m  [1m[34mSELECT  1 AS one FROM "users" WHERE "users"."phone" = $1 LIMIT $2[0m  [["phone", "02502088"], ["LIMIT", 1]]
  [1m[36mUser Exists (0.4ms)[0m  [1m[34mSELECT  1 AS one FROM "users" WHERE "users"."email" = $1 LIMIT $2[0m  [["email", "dietricherwane@live.com"], ["LIMIT", 1]]
  [1m[36mProfile Load (0.4ms)[0m  [1m[34mSELECT  "profiles".* FROM "profiles" WHERE "profiles"."id" = $1 LIMIT $2[0m  [["id", 1], ["LIMIT", 1]]
  [1m[35m (0.2ms)[0m  [1m[31mROLLBACK[0m
Completed 200 OK in 8ms (Views: 0.4ms | ActiveRecord: 1.5ms)


Started GET "/users" for 127.0.0.1 at 2020-03-27 23:16:22 +0000
Processing by UsersController#list as */*
  [1m[36mUser Load (0.6ms)[0m  [1m[34mSELECT "users".* FROM "users" ORDER BY created_at DESC[0m
Completed 200 OK in 36ms (Views: 26.5ms | ActiveRecord: 5.2ms)


Started GET "/user/1" for 127.0.0.1 at 2020-03-27 23:19:38 +0000
Processing by UsersController#show as */*
  Parameters: {"id"=>"1"}
  [1m[36mUser Load (0.3ms)[0m  [1m[34mSELECT  "users".* FROM "users" WHERE "users"."id" = $1 LIMIT $2[0m  [["id", 1], ["LIMIT", 1]]
Completed 404 Not Found in 8ms (ActiveRecord: 0.3ms)


  
ActiveRecord::RecordNotFound (Couldn't find User with 'id'=1):
  
app/controllers/users_controller.rb:42:in `set_user'
Started GET "/user/1" for 127.0.0.1 at 2020-03-27 23:20:03 +0000
Processing by UsersController#show as */*
  Parameters: {"id"=>"1"}
  [1m[36mUser Load (0.6ms)[0m  [1m[34mSELECT  "users".* FROM "users" WHERE "users"."id" = $1 LIMIT $2[0m  [["id", 1], ["LIMIT", 1]]
Completed 200 OK in 11ms (Views: 0.6ms | ActiveRecord: 0.6ms)


Started GET "/user/2" for 127.0.0.1 at 2020-03-27 23:20:10 +0000
Processing by UsersController#show as */*
  Parameters: {"id"=>"2"}
  [1m[36mUser Load (1.6ms)[0m  [1m[34mSELECT  "users".* FROM "users" WHERE "users"."id" = $1 LIMIT $2[0m  [["id", 2], ["LIMIT", 1]]
Completed 200 OK in 5ms (Views: 0.2ms | ActiveRecord: 1.6ms)


Started GET "/user/3" for 127.0.0.1 at 2020-03-27 23:20:20 +0000
Processing by UsersController#show as */*
  Parameters: {"id"=>"3"}
  [1m[36mUser Load (0.4ms)[0m  [1m[34mSELECT  "users".* FROM "users" WHERE "users"."id" = $1 LIMIT $2[0m  [["id", 3], ["LIMIT", 1]]
Completed 200 OK in 25ms (Views: 1.3ms | ActiveRecord: 0.4ms)


Started GET "/user/4" for 127.0.0.1 at 2020-03-27 23:20:28 +0000
Processing by UsersController#show as */*
  Parameters: {"id"=>"4"}
  [1m[36mUser Load (0.5ms)[0m  [1m[34mSELECT  "users".* FROM "users" WHERE "users"."id" = $1 LIMIT $2[0m  [["id", 4], ["LIMIT", 1]]
Completed 200 OK in 3ms (Views: 0.8ms | ActiveRecord: 0.5ms)


Started GET "/user/1" for 127.0.0.1 at 2020-03-27 23:21:14 +0000
Processing by UsersController#show as */*
  Parameters: {"id"=>"1"}
  [1m[36mUser Load (0.4ms)[0m  [1m[34mSELECT  "users".* FROM "users" WHERE "users"."id" = $1 LIMIT $2[0m  [["id", 1], ["LIMIT", 1]]
Completed 200 OK in 2ms (Views: 0.2ms | ActiveRecord: 0.4ms)


Started PUT "/user/?firstname=John&lastname=Doe&phone=02502080&email=dietricherwane@live.fr&password=[FILTERED]&active=1&profile_id=1&terms=1&is_admin=1&created_uid=6&updated_uid=1" for 127.0.0.1 at 2020-03-27 23:25:57 +0000
  
ActionController::RoutingError (No route matches [PUT] "/user"):
  
actionpack (5.1.7) lib/action_dispatch/middleware/debug_exceptions.rb:63:in `call'
actionpack (5.1.7) lib/action_dispatch/middleware/show_exceptions.rb:31:in `call'
railties (5.1.7) lib/rails/rack/logger.rb:36:in `call_app'
railties (5.1.7) lib/rails/rack/logger.rb:24:in `block in call'
activesupport (5.1.7) lib/active_support/tagged_logging.rb:69:in `block in tagged'
activesupport (5.1.7) lib/active_support/tagged_logging.rb:26:in `tagged'
activesupport (5.1.7) lib/active_support/tagged_logging.rb:69:in `tagged'
railties (5.1.7) lib/rails/rack/logger.rb:24:in `call'
actionpack (5.1.7) lib/action_dispatch/middleware/remote_ip.rb:79:in `call'
actionpack (5.1.7) lib/action_dispatch/middleware/request_id.rb:25:in `call'
rack (2.1.2) lib/rack/runtime.rb:24:in `call'
activesupport (5.1.7) lib/active_support/cache/strategy/local_cache_middleware.rb:27:in `call'
actionpack (5.1.7) lib/action_dispatch/middleware/executor.rb:12:in `call'
actionpack (5.1.7) lib/action_dispatch/middleware/static.rb:125:in `call'
rack (2.1.2) lib/rack/sendfile.rb:113:in `call'
railties (5.1.7) lib/rails/engine.rb:522:in `call'
puma (3.12.4) lib/puma/configuration.rb:227:in `call'
puma (3.12.4) lib/puma/server.rb:675:in `handle_request'
puma (3.12.4) lib/puma/server.rb:476:in `process_client'
puma (3.12.4) lib/puma/server.rb:334:in `block in run'
puma (3.12.4) lib/puma/thread_pool.rb:135:in `call'
puma (3.12.4) lib/puma/thread_pool.rb:135:in `block in spawn_thread'
Started PUT "/user/?firstname=John&lastname=Doe&phone=02502080&email=dietricherwane@live.fr&password=[FILTERED]&active=1&profile_id=1&terms=1&is_admin=1&created_uid=6&updated_uid=1" for 127.0.0.1 at 2020-03-27 23:27:14 +0000
  
ActionController::RoutingError (No route matches [PUT] "/user"):
  
actionpack (5.1.7) lib/action_dispatch/middleware/debug_exceptions.rb:63:in `call'
actionpack (5.1.7) lib/action_dispatch/middleware/show_exceptions.rb:31:in `call'
railties (5.1.7) lib/rails/rack/logger.rb:36:in `call_app'
railties (5.1.7) lib/rails/rack/logger.rb:24:in `block in call'
activesupport (5.1.7) lib/active_support/tagged_logging.rb:69:in `block in tagged'
activesupport (5.1.7) lib/active_support/tagged_logging.rb:26:in `tagged'
activesupport (5.1.7) lib/active_support/tagged_logging.rb:69:in `tagged'
railties (5.1.7) lib/rails/rack/logger.rb:24:in `call'
actionpack (5.1.7) lib/action_dispatch/middleware/remote_ip.rb:79:in `call'
actionpack (5.1.7) lib/action_dispatch/middleware/request_id.rb:25:in `call'
rack (2.1.2) lib/rack/runtime.rb:24:in `call'
activesupport (5.1.7) lib/active_support/cache/strategy/local_cache_middleware.rb:27:in `call'
actionpack (5.1.7) lib/action_dispatch/middleware/executor.rb:12:in `call'
actionpack (5.1.7) lib/action_dispatch/middleware/static.rb:125:in `call'
rack (2.1.2) lib/rack/sendfile.rb:113:in `call'
railties (5.1.7) lib/rails/engine.rb:522:in `call'
puma (3.12.4) lib/puma/configuration.rb:227:in `call'
puma (3.12.4) lib/puma/server.rb:675:in `handle_request'
puma (3.12.4) lib/puma/server.rb:476:in `process_client'
puma (3.12.4) lib/puma/server.rb:334:in `block in run'
puma (3.12.4) lib/puma/thread_pool.rb:135:in `call'
puma (3.12.4) lib/puma/thread_pool.rb:135:in `block in spawn_thread'
Started PUT "/user/?firstname=John&lastname=Doe&phone=02502080&email=dietricherwane@live.fr&password=[FILTERED]&active=1&profile_id=1&terms=1&is_admin=1&created_uid=6&updated_uid=1" for 127.0.0.1 at 2020-03-27 23:27:28 +0000
  
ActionController::RoutingError (No route matches [PUT] "/user"):
  
actionpack (5.1.7) lib/action_dispatch/middleware/debug_exceptions.rb:63:in `call'
actionpack (5.1.7) lib/action_dispatch/middleware/show_exceptions.rb:31:in `call'
railties (5.1.7) lib/rails/rack/logger.rb:36:in `call_app'
railties (5.1.7) lib/rails/rack/logger.rb:24:in `block in call'
activesupport (5.1.7) lib/active_support/tagged_logging.rb:69:in `block in tagged'
activesupport (5.1.7) lib/active_support/tagged_logging.rb:26:in `tagged'
activesupport (5.1.7) lib/active_support/tagged_logging.rb:69:in `tagged'
railties (5.1.7) lib/rails/rack/logger.rb:24:in `call'
actionpack (5.1.7) lib/action_dispatch/middleware/remote_ip.rb:79:in `call'
actionpack (5.1.7) lib/action_dispatch/middleware/request_id.rb:25:in `call'
rack (2.1.2) lib/rack/runtime.rb:24:in `call'
activesupport (5.1.7) lib/active_support/cache/strategy/local_cache_middleware.rb:27:in `call'
actionpack (5.1.7) lib/action_dispatch/middleware/executor.rb:12:in `call'
actionpack (5.1.7) lib/action_dispatch/middleware/static.rb:125:in `call'
rack (2.1.2) lib/rack/sendfile.rb:113:in `call'
railties (5.1.7) lib/rails/engine.rb:522:in `call'
puma (3.12.4) lib/puma/configuration.rb:227:in `call'
puma (3.12.4) lib/puma/server.rb:675:in `handle_request'
puma (3.12.4) lib/puma/server.rb:476:in `process_client'
puma (3.12.4) lib/puma/server.rb:334:in `block in run'
puma (3.12.4) lib/puma/thread_pool.rb:135:in `call'
puma (3.12.4) lib/puma/thread_pool.rb:135:in `block in spawn_thread'
Started PUT "/user/?firstname=John&lastname=Doe&phone=02502080&email=dietricherwane@live.fr&password=[FILTERED]&active=1&profile_id=1&terms=1&is_admin=1&created_uid=6&updated_uid=1" for 127.0.0.1 at 2020-03-27 23:28:00 +0000
  [1m[35m (0.9ms)[0m  [1m[34mSELECT "schema_migrations"."version" FROM "schema_migrations" ORDER BY "schema_migrations"."version" ASC[0m
  
ActionController::RoutingError (No route matches [PUT] "/user"):
  
actionpack (5.1.7) lib/action_dispatch/middleware/debug_exceptions.rb:63:in `call'
actionpack (5.1.7) lib/action_dispatch/middleware/show_exceptions.rb:31:in `call'
railties (5.1.7) lib/rails/rack/logger.rb:36:in `call_app'
railties (5.1.7) lib/rails/rack/logger.rb:24:in `block in call'
activesupport (5.1.7) lib/active_support/tagged_logging.rb:69:in `block in tagged'
activesupport (5.1.7) lib/active_support/tagged_logging.rb:26:in `tagged'
activesupport (5.1.7) lib/active_support/tagged_logging.rb:69:in `tagged'
railties (5.1.7) lib/rails/rack/logger.rb:24:in `call'
actionpack (5.1.7) lib/action_dispatch/middleware/remote_ip.rb:79:in `call'
actionpack (5.1.7) lib/action_dispatch/middleware/request_id.rb:25:in `call'
rack (2.1.2) lib/rack/runtime.rb:24:in `call'
activesupport (5.1.7) lib/active_support/cache/strategy/local_cache_middleware.rb:27:in `call'
actionpack (5.1.7) lib/action_dispatch/middleware/executor.rb:12:in `call'
actionpack (5.1.7) lib/action_dispatch/middleware/static.rb:125:in `call'
rack (2.1.2) lib/rack/sendfile.rb:113:in `call'
railties (5.1.7) lib/rails/engine.rb:522:in `call'
puma (3.12.4) lib/puma/configuration.rb:227:in `call'
puma (3.12.4) lib/puma/server.rb:675:in `handle_request'
puma (3.12.4) lib/puma/server.rb:476:in `process_client'
puma (3.12.4) lib/puma/server.rb:334:in `block in run'
puma (3.12.4) lib/puma/thread_pool.rb:135:in `call'
puma (3.12.4) lib/puma/thread_pool.rb:135:in `block in spawn_thread'
Started GET "/users" for 127.0.0.1 at 2020-03-27 23:29:45 +0000
Processing by UsersController#list as */*
  [1m[36mUser Load (1.7ms)[0m  [1m[34mSELECT "users".* FROM "users" ORDER BY created_at DESC[0m
Completed 200 OK in 50ms (Views: 27.2ms | ActiveRecord: 14.7ms)


Started PUT "/user/?firstname=John&lastname=Doe&phone=02502080&email=dietricherwane@live.fr&password=[FILTERED]&active=1&profile_id=1&terms=1&is_admin=1&created_uid=6&updated_uid=1" for 127.0.0.1 at 2020-03-27 23:29:51 +0000
  
ActionController::RoutingError (No route matches [PUT] "/user"):
  
actionpack (5.1.7) lib/action_dispatch/middleware/debug_exceptions.rb:63:in `call'
actionpack (5.1.7) lib/action_dispatch/middleware/show_exceptions.rb:31:in `call'
railties (5.1.7) lib/rails/rack/logger.rb:36:in `call_app'
railties (5.1.7) lib/rails/rack/logger.rb:24:in `block in call'
activesupport (5.1.7) lib/active_support/tagged_logging.rb:69:in `block in tagged'
activesupport (5.1.7) lib/active_support/tagged_logging.rb:26:in `tagged'
activesupport (5.1.7) lib/active_support/tagged_logging.rb:69:in `tagged'
railties (5.1.7) lib/rails/rack/logger.rb:24:in `call'
actionpack (5.1.7) lib/action_dispatch/middleware/remote_ip.rb:79:in `call'
actionpack (5.1.7) lib/action_dispatch/middleware/request_id.rb:25:in `call'
rack (2.1.2) lib/rack/runtime.rb:24:in `call'
activesupport (5.1.7) lib/active_support/cache/strategy/local_cache_middleware.rb:27:in `call'
actionpack (5.1.7) lib/action_dispatch/middleware/executor.rb:12:in `call'
actionpack (5.1.7) lib/action_dispatch/middleware/static.rb:125:in `call'
rack (2.1.2) lib/rack/sendfile.rb:113:in `call'
railties (5.1.7) lib/rails/engine.rb:522:in `call'
puma (3.12.4) lib/puma/configuration.rb:227:in `call'
puma (3.12.4) lib/puma/server.rb:675:in `handle_request'
puma (3.12.4) lib/puma/server.rb:476:in `process_client'
puma (3.12.4) lib/puma/server.rb:334:in `block in run'
puma (3.12.4) lib/puma/thread_pool.rb:135:in `call'
puma (3.12.4) lib/puma/thread_pool.rb:135:in `block in spawn_thread'
Started PUT "/profile/1?name=Observateur&description=&created_uid=1&updated_uid=1" for 127.0.0.1 at 2020-03-27 23:30:34 +0000
Processing by ProfilesController#update as */*
  Parameters: {"name"=>"Observateur", "description"=>"", "created_uid"=>"1", "updated_uid"=>"1", "id"=>"1"}
  [1m[36mProfile Load (0.4ms)[0m  [1m[34mSELECT  "profiles".* FROM "profiles" WHERE "profiles"."id" = $1 LIMIT $2[0m  [["id", 1], ["LIMIT", 1]]
Unpermitted parameter: :id
  [1m[35m (0.2ms)[0m  [1m[35mBEGIN[0m
  [1m[36mProfile Exists (1.1ms)[0m  [1m[34mSELECT  1 AS one FROM "profiles" WHERE "profiles"."name" = $1 AND ("profiles"."id" != $2) LIMIT $3[0m  [["name", "Observateur"], ["id", 1], ["LIMIT", 1]]
  [1m[35mSQL (0.6ms)[0m  [1m[33mUPDATE "profiles" SET "description" = $1, "updated_at" = $2 WHERE "profiles"."id" = $3[0m  [["description", ""], ["updated_at", "2020-03-27 23:30:35.008633"], ["id", 1]]
  [1m[35m (48.5ms)[0m  [1m[35mCOMMIT[0m
Completed 200 OK in 81ms (Views: 0.4ms | ActiveRecord: 57.1ms)


Started PUT "/user/1?firstname=John&lastname=Doe&phone=02502080&email=dietricherwane@live.fr&password=[FILTERED]&active=1&profile_id=1&terms=1&is_admin=1&created_uid=6&updated_uid=1" for 127.0.0.1 at 2020-03-27 23:30:57 +0000
Processing by UsersController#update as */*
  Parameters: {"firstname"=>"John", "lastname"=>"Doe", "phone"=>"02502080", "email"=>"dietricherwane@live.fr", "password"=>"[FILTERED]", "active"=>"1", "profile_id"=>"1", "terms"=>"1", "is_admin"=>"1", "created_uid"=>"6", "updated_uid"=>"1", "id"=>"1"}
  [1m[36mUser Load (0.8ms)[0m  [1m[34mSELECT  "users".* FROM "users" WHERE "users"."id" = $1 LIMIT $2[0m  [["id", 1], ["LIMIT", 1]]
Completed 200 OK in 6ms (Views: 0.3ms | ActiveRecord: 1.0ms)


Started PUT "/user/3?firstname=John&lastname=Doe&phone=02502080&email=dietricherwane@live.fr&password=[FILTERED]&active=1&profile_id=1&terms=1&is_admin=1&created_uid=6&updated_uid=1" for 127.0.0.1 at 2020-03-27 23:31:09 +0000
Processing by UsersController#update as */*
  Parameters: {"firstname"=>"John", "lastname"=>"Doe", "phone"=>"02502080", "email"=>"dietricherwane@live.fr", "password"=>"[FILTERED]", "active"=>"1", "profile_id"=>"1", "terms"=>"1", "is_admin"=>"1", "created_uid"=>"6", "updated_uid"=>"1", "id"=>"3"}
  [1m[36mUser Load (0.5ms)[0m  [1m[34mSELECT  "users".* FROM "users" WHERE "users"."id" = $1 LIMIT $2[0m  [["id", 3], ["LIMIT", 1]]
Completed 500 Internal Server Error in 59ms (ActiveRecord: 0.5ms)


  
NameError (undefined local variable or method `profile_params' for #<UsersController:0x007fac90074df8>):
  
app/controllers/users_controller.rb:28:in `update'
Started PUT "/user/3?firstname=John&lastname=Doe&phone=02502080&email=dietricherwane@live.fr&password=[FILTERED]&active=1&profile_id=1&terms=1&is_admin=1&created_uid=6&updated_uid=1" for 127.0.0.1 at 2020-03-27 23:31:31 +0000
Processing by UsersController#update as */*
  Parameters: {"firstname"=>"John", "lastname"=>"Doe", "phone"=>"02502080", "email"=>"dietricherwane@live.fr", "password"=>"[FILTERED]", "active"=>"1", "profile_id"=>"1", "terms"=>"1", "is_admin"=>"1", "created_uid"=>"6", "updated_uid"=>"1", "id"=>"3"}
  [1m[36mUser Load (0.4ms)[0m  [1m[34mSELECT  "users".* FROM "users" WHERE "users"."id" = $1 LIMIT $2[0m  [["id", 3], ["LIMIT", 1]]
Unpermitted parameter: :id
  [1m[35m (0.2ms)[0m  [1m[35mBEGIN[0m
  [1m[36mUser Exists (0.5ms)[0m  [1m[34mSELECT  1 AS one FROM "users" WHERE "users"."phone" = $1 AND ("users"."id" != $2) LIMIT $3[0m  [["phone", "02502080"], ["id", 3], ["LIMIT", 1]]
  [1m[36mUser Exists (0.5ms)[0m  [1m[34mSELECT  1 AS one FROM "users" WHERE "users"."email" = $1 AND ("users"."id" != $2) LIMIT $3[0m  [["email", "dietricherwane@live.fr"], ["id", 3], ["LIMIT", 1]]
  [1m[36mProfile Load (0.8ms)[0m  [1m[34mSELECT  "profiles".* FROM "profiles" WHERE "profiles"."id" = $1 LIMIT $2[0m  [["id", 1], ["LIMIT", 1]]
  [1m[35mSQL (0.6ms)[0m  [1m[33mUPDATE "users" SET "created_uid" = $1, "updated_at" = $2 WHERE "users"."id" = $3[0m  [["created_uid", 6], ["updated_at", "2020-03-27 23:31:31.507019"], ["id", 3]]
  [1m[35m (14.6ms)[0m  [1m[35mCOMMIT[0m
Completed 200 OK in 77ms (Views: 0.2ms | ActiveRecord: 24.6ms)


Started PUT "/user/?firstname=John&lastname=Doe&phone=02502080&email=dietricherwane@live.fr&password=[FILTERED]&active=1&profile_id=1&terms=1&is_admin=1&created_uid=6&updated_uid=1" for 127.0.0.1 at 2020-03-27 23:31:40 +0000
  
ActionController::RoutingError (No route matches [PUT] "/user"):
  
actionpack (5.1.7) lib/action_dispatch/middleware/debug_exceptions.rb:63:in `call'
actionpack (5.1.7) lib/action_dispatch/middleware/show_exceptions.rb:31:in `call'
railties (5.1.7) lib/rails/rack/logger.rb:36:in `call_app'
railties (5.1.7) lib/rails/rack/logger.rb:24:in `block in call'
activesupport (5.1.7) lib/active_support/tagged_logging.rb:69:in `block in tagged'
activesupport (5.1.7) lib/active_support/tagged_logging.rb:26:in `tagged'
activesupport (5.1.7) lib/active_support/tagged_logging.rb:69:in `tagged'
railties (5.1.7) lib/rails/rack/logger.rb:24:in `call'
actionpack (5.1.7) lib/action_dispatch/middleware/remote_ip.rb:79:in `call'
actionpack (5.1.7) lib/action_dispatch/middleware/request_id.rb:25:in `call'
rack (2.1.2) lib/rack/runtime.rb:24:in `call'
activesupport (5.1.7) lib/active_support/cache/strategy/local_cache_middleware.rb:27:in `call'
actionpack (5.1.7) lib/action_dispatch/middleware/executor.rb:12:in `call'
actionpack (5.1.7) lib/action_dispatch/middleware/static.rb:125:in `call'
rack (2.1.2) lib/rack/sendfile.rb:113:in `call'
railties (5.1.7) lib/rails/engine.rb:522:in `call'
puma (3.12.4) lib/puma/configuration.rb:227:in `call'
puma (3.12.4) lib/puma/server.rb:675:in `handle_request'
puma (3.12.4) lib/puma/server.rb:476:in `process_client'
puma (3.12.4) lib/puma/server.rb:334:in `block in run'
puma (3.12.4) lib/puma/thread_pool.rb:135:in `call'
puma (3.12.4) lib/puma/thread_pool.rb:135:in `block in spawn_thread'
Started PUT "/user/3?firstname=John&lastname=Doe&phone=02502080&email=dietricherwane@live.fr&password=[FILTERED]&active=1&profile_id=1&terms=1&is_admin=1&created_uid=6&updated_uid=1" for 127.0.0.1 at 2020-03-27 23:31:48 +0000
Processing by UsersController#update as */*
  Parameters: {"firstname"=>"John", "lastname"=>"Doe", "phone"=>"02502080", "email"=>"dietricherwane@live.fr", "password"=>"[FILTERED]", "active"=>"1", "profile_id"=>"1", "terms"=>"1", "is_admin"=>"1", "created_uid"=>"6", "updated_uid"=>"1", "id"=>"3"}
  [1m[36mUser Load (0.7ms)[0m  [1m[34mSELECT  "users".* FROM "users" WHERE "users"."id" = $1 LIMIT $2[0m  [["id", 3], ["LIMIT", 1]]
Unpermitted parameter: :id
  [1m[35m (0.2ms)[0m  [1m[35mBEGIN[0m
  [1m[36mUser Exists (1.1ms)[0m  [1m[34mSELECT  1 AS one FROM "users" WHERE "users"."phone" = $1 AND ("users"."id" != $2) LIMIT $3[0m  [["phone", "02502080"], ["id", 3], ["LIMIT", 1]]
  [1m[36mUser Exists (0.4ms)[0m  [1m[34mSELECT  1 AS one FROM "users" WHERE "users"."email" = $1 AND ("users"."id" != $2) LIMIT $3[0m  [["email", "dietricherwane@live.fr"], ["id", 3], ["LIMIT", 1]]
  [1m[36mProfile Load (0.6ms)[0m  [1m[34mSELECT  "profiles".* FROM "profiles" WHERE "profiles"."id" = $1 LIMIT $2[0m  [["id", 1], ["LIMIT", 1]]
  [1m[35m (0.2ms)[0m  [1m[35mCOMMIT[0m
Completed 200 OK in 10ms (Views: 0.2ms | ActiveRecord: 3.2ms)


Started PUT "/user/3?firstname=John&lastname=Doe&phone=02502080&email=dietricherwane@live.fr&password=&active=1&profile_id=1&terms=1&is_admin=1&created_uid=6&updated_uid=1" for 127.0.0.1 at 2020-03-27 23:32:54 +0000
Processing by UsersController#update as */*
  Parameters: {"firstname"=>"John", "lastname"=>"Doe", "phone"=>"02502080", "email"=>"dietricherwane@live.fr", "password"=>"[FILTERED]", "active"=>"1", "profile_id"=>"1", "terms"=>"1", "is_admin"=>"1", "created_uid"=>"6", "updated_uid"=>"1", "id"=>"3"}
  [1m[36mUser Load (0.4ms)[0m  [1m[34mSELECT  "users".* FROM "users" WHERE "users"."id" = $1 LIMIT $2[0m  [["id", 3], ["LIMIT", 1]]
Unpermitted parameter: :id
  [1m[35m (0.2ms)[0m  [1m[35mBEGIN[0m
  [1m[36mUser Exists (1.0ms)[0m  [1m[34mSELECT  1 AS one FROM "users" WHERE "users"."phone" = $1 AND ("users"."id" != $2) LIMIT $3[0m  [["phone", "02502080"], ["id", 3], ["LIMIT", 1]]
  [1m[36mUser Exists (0.3ms)[0m  [1m[34mSELECT  1 AS one FROM "users" WHERE "users"."email" = $1 AND ("users"."id" != $2) LIMIT $3[0m  [["email", "dietricherwane@live.fr"], ["id", 3], ["LIMIT", 1]]
  [1m[36mProfile Load (0.3ms)[0m  [1m[34mSELECT  "profiles".* FROM "profiles" WHERE "profiles"."id" = $1 LIMIT $2[0m  [["id", 1], ["LIMIT", 1]]
  [1m[35m (0.1ms)[0m  [1m[31mROLLBACK[0m
Completed 200 OK in 18ms (Views: 0.2ms | ActiveRecord: 2.3ms)


Started PUT "/user/3?firstname=John&lastname=Doe&phone=02502080&email=dietricherwane@live.fr&password=[FILTERED]&active=1&profile_id=1&terms=1&is_admin=1&created_uid=6&updated_uid=1" for 127.0.0.1 at 2020-03-27 23:33:04 +0000
Processing by UsersController#update as */*
  Parameters: {"firstname"=>"John", "lastname"=>"Doe", "phone"=>"02502080", "email"=>"dietricherwane@live.fr", "password"=>"[FILTERED]", "active"=>"1", "profile_id"=>"1", "terms"=>"1", "is_admin"=>"1", "created_uid"=>"6", "updated_uid"=>"1", "id"=>"3"}
  [1m[36mUser Load (0.3ms)[0m  [1m[34mSELECT  "users".* FROM "users" WHERE "users"."id" = $1 LIMIT $2[0m  [["id", 3], ["LIMIT", 1]]
Unpermitted parameter: :id
  [1m[35m (0.2ms)[0m  [1m[35mBEGIN[0m
  [1m[36mUser Exists (0.3ms)[0m  [1m[34mSELECT  1 AS one FROM "users" WHERE "users"."phone" = $1 AND ("users"."id" != $2) LIMIT $3[0m  [["phone", "02502080"], ["id", 3], ["LIMIT", 1]]
  [1m[36mUser Exists (0.3ms)[0m  [1m[34mSELECT  1 AS one FROM "users" WHERE "users"."email" = $1 AND ("users"."id" != $2) LIMIT $3[0m  [["email", "dietricherwane@live.fr"], ["id", 3], ["LIMIT", 1]]
  [1m[36mProfile Load (0.4ms)[0m  [1m[34mSELECT  "profiles".* FROM "profiles" WHERE "profiles"."id" = $1 LIMIT $2[0m  [["id", 1], ["LIMIT", 1]]
  [1m[35m (0.3ms)[0m  [1m[35mCOMMIT[0m
Completed 200 OK in 8ms (Views: 0.2ms | ActiveRecord: 1.7ms)


Started PUT "/user/3?firstname=John&lastname=&phone=02502080&email=dietricherwane@live.fr&password=[FILTERED]&active=1&profile_id=1&terms=1&is_admin=1&created_uid=6&updated_uid=1" for 127.0.0.1 at 2020-03-27 23:33:17 +0000
Processing by UsersController#update as */*
  Parameters: {"firstname"=>"John", "lastname"=>"", "phone"=>"02502080", "email"=>"dietricherwane@live.fr", "password"=>"[FILTERED]", "active"=>"1", "profile_id"=>"1", "terms"=>"1", "is_admin"=>"1", "created_uid"=>"6", "updated_uid"=>"1", "id"=>"3"}
  [1m[36mUser Load (0.6ms)[0m  [1m[34mSELECT  "users".* FROM "users" WHERE "users"."id" = $1 LIMIT $2[0m  [["id", 3], ["LIMIT", 1]]
Unpermitted parameter: :id
  [1m[35m (0.2ms)[0m  [1m[35mBEGIN[0m
  [1m[36mUser Exists (0.4ms)[0m  [1m[34mSELECT  1 AS one FROM "users" WHERE "users"."phone" = $1 AND ("users"."id" != $2) LIMIT $3[0m  [["phone", "02502080"], ["id", 3], ["LIMIT", 1]]
  [1m[36mUser Exists (1.4ms)[0m  [1m[34mSELECT  1 AS one FROM "users" WHERE "users"."email" = $1 AND ("users"."id" != $2) LIMIT $3[0m  [["email", "dietricherwane@live.fr"], ["id", 3], ["LIMIT", 1]]
  [1m[36mProfile Load (0.4ms)[0m  [1m[34mSELECT  "profiles".* FROM "profiles" WHERE "profiles"."id" = $1 LIMIT $2[0m  [["id", 1], ["LIMIT", 1]]
  [1m[35m (0.2ms)[0m  [1m[31mROLLBACK[0m
Completed 200 OK in 10ms (Views: 0.2ms | ActiveRecord: 3.2ms)


Started PUT "/user/3" for 127.0.0.1 at 2020-03-28 12:26:02 +0000
Processing by UsersController#update as */*
  Parameters: {"id"=>"3"}
  [1m[36mUser Load (0.4ms)[0m  [1m[34mSELECT  "users".* FROM "users" WHERE "users"."id" = $1 LIMIT $2[0m  [["id", 3], ["LIMIT", 1]]
Unpermitted parameter: :id
  [1m[35m (0.2ms)[0m  [1m[35mBEGIN[0m
  [1m[36mUser Exists (0.6ms)[0m  [1m[34mSELECT  1 AS one FROM "users" WHERE "users"."phone" = $1 AND ("users"."id" != $2) LIMIT $3[0m  [["phone", "02502080"], ["id", 3], ["LIMIT", 1]]
  [1m[36mUser Exists (0.9ms)[0m  [1m[34mSELECT  1 AS one FROM "users" WHERE "users"."email" = $1 AND ("users"."id" != $2) LIMIT $3[0m  [["email", "dietricherwane@live.fr"], ["id", 3], ["LIMIT", 1]]
  [1m[36mProfile Load (0.5ms)[0m  [1m[34mSELECT  "profiles".* FROM "profiles" WHERE "profiles"."id" = $1 LIMIT $2[0m  [["id", 1], ["LIMIT", 1]]
  [1m[35m (0.3ms)[0m  [1m[35mCOMMIT[0m
Completed 200 OK in 43ms (Views: 0.2ms | ActiveRecord: 2.9ms)


Started PUT "/user/disable/3" for 127.0.0.1 at 2020-03-28 12:26:21 +0000
Processing by UsersController#disable as */*
  Parameters: {"id"=>"3"}
Completed 200 OK in 0ms (Views: 0.1ms | ActiveRecord: 0.0ms)


Started PUT "/user/disable/4" for 127.0.0.1 at 2020-03-28 12:26:29 +0000
Processing by UsersController#disable as */*
  Parameters: {"id"=>"4"}
Completed 200 OK in 0ms (Views: 0.2ms | ActiveRecord: 0.0ms)


Started PUT "/user/disable/1" for 127.0.0.1 at 2020-03-28 12:26:37 +0000
Processing by UsersController#disable as */*
  Parameters: {"id"=>"1"}
Completed 200 OK in 1ms (Views: 0.2ms | ActiveRecord: 0.0ms)


Started PUT "/user/disable/3" for 127.0.0.1 at 2020-03-28 12:27:13 +0000
Processing by UsersController#disable as */*
  Parameters: {"id"=>"3"}
  [1m[36mUser Load (0.6ms)[0m  [1m[34mSELECT  "users".* FROM "users" WHERE "users"."id" = $1 LIMIT $2[0m  [["id", 3], ["LIMIT", 1]]
  [1m[35m (0.3ms)[0m  [1m[35mBEGIN[0m
  [1m[36mUser Exists (0.8ms)[0m  [1m[34mSELECT  1 AS one FROM "users" WHERE "users"."phone" = $1 AND ("users"."id" != $2) LIMIT $3[0m  [["phone", "02502080"], ["id", 3], ["LIMIT", 1]]
  [1m[36mUser Exists (0.3ms)[0m  [1m[34mSELECT  1 AS one FROM "users" WHERE "users"."email" = $1 AND ("users"."id" != $2) LIMIT $3[0m  [["email", "dietricherwane@live.fr"], ["id", 3], ["LIMIT", 1]]
  [1m[36mProfile Load (0.3ms)[0m  [1m[34mSELECT  "profiles".* FROM "profiles" WHERE "profiles"."id" = $1 LIMIT $2[0m  [["id", 1], ["LIMIT", 1]]
  [1m[35mSQL (0.5ms)[0m  [1m[33mUPDATE "users" SET "active" = $1, "updated_at" = $2 WHERE "users"."id" = $3[0m  [["active", 0], ["updated_at", "2020-03-28 12:27:13.259622"], ["id", 3]]
  [1m[35m (48.7ms)[0m  [1m[35mCOMMIT[0m
Completed 200 OK in 109ms (Views: 0.3ms | ActiveRecord: 51.4ms)


Started GET "/user/3" for 127.0.0.1 at 2020-03-28 12:27:27 +0000
Processing by UsersController#show as */*
  Parameters: {"id"=>"3"}
  [1m[36mUser Load (0.5ms)[0m  [1m[34mSELECT  "users".* FROM "users" WHERE "users"."id" = $1 LIMIT $2[0m  [["id", 3], ["LIMIT", 1]]
Completed 200 OK in 3ms (Views: 1.0ms | ActiveRecord: 0.5ms)


Started PUT "/user/disable/1" for 127.0.0.1 at 2020-03-28 12:28:13 +0000
Processing by UsersController#disable as */*
  Parameters: {"id"=>"1"}
  [1m[36mUser Load (0.3ms)[0m  [1m[34mSELECT  "users".* FROM "users" WHERE "users"."id" = $1 LIMIT $2[0m  [["id", 1], ["LIMIT", 1]]
Completed 200 OK in 2ms (Views: 0.3ms | ActiveRecord: 0.3ms)


Started PUT "/user/enable/3" for 127.0.0.1 at 2020-03-28 12:29:00 +0000
Processing by UsersController#enable as */*
  Parameters: {"id"=>"3"}
  [1m[36mUser Load (0.5ms)[0m  [1m[34mSELECT  "users".* FROM "users" WHERE "users"."id" = $1 LIMIT $2[0m  [["id", 3], ["LIMIT", 1]]
  [1m[35m (0.2ms)[0m  [1m[35mBEGIN[0m
  [1m[36mUser Exists (0.5ms)[0m  [1m[34mSELECT  1 AS one FROM "users" WHERE "users"."phone" = $1 AND ("users"."id" != $2) LIMIT $3[0m  [["phone", "02502080"], ["id", 3], ["LIMIT", 1]]
  [1m[36mUser Exists (0.4ms)[0m  [1m[34mSELECT  1 AS one FROM "users" WHERE "users"."email" = $1 AND ("users"."id" != $2) LIMIT $3[0m  [["email", "dietricherwane@live.fr"], ["id", 3], ["LIMIT", 1]]
  [1m[36mProfile Load (0.4ms)[0m  [1m[34mSELECT  "profiles".* FROM "profiles" WHERE "profiles"."id" = $1 LIMIT $2[0m  [["id", 1], ["LIMIT", 1]]
  [1m[35mSQL (0.5ms)[0m  [1m[33mUPDATE "users" SET "active" = $1, "updated_at" = $2 WHERE "users"."id" = $3[0m  [["active", 1], ["updated_at", "2020-03-28 12:29:00.798996"], ["id", 3]]
  [1m[35m (485.2ms)[0m  [1m[35mCOMMIT[0m
Completed 200 OK in 494ms (Views: 0.2ms | ActiveRecord: 487.6ms)


Started PUT "/user/enable/1" for 127.0.0.1 at 2020-03-28 12:29:44 +0000
Processing by UsersController#enable as */*
  Parameters: {"id"=>"1"}
  [1m[36mUser Load (1.3ms)[0m  [1m[34mSELECT  "users".* FROM "users" WHERE "users"."id" = $1 LIMIT $2[0m  [["id", 1], ["LIMIT", 1]]
Completed 200 OK in 3ms (Views: 0.2ms | ActiveRecord: 1.3ms)


Started GET "/user/3" for 127.0.0.1 at 2020-03-28 12:30:12 +0000
Processing by UsersController#show as */*
  Parameters: {"id"=>"3"}
  [1m[36mUser Load (0.3ms)[0m  [1m[34mSELECT  "users".* FROM "users" WHERE "users"."id" = $1 LIMIT $2[0m  [["id", 3], ["LIMIT", 1]]
Completed 200 OK in 2ms (Views: 0.7ms | ActiveRecord: 0.3ms)


Started POST "/user/login?phone=02502080&email=dietricherwane@live.fr&password=[FILTERED]" for 127.0.0.1 at 2020-03-28 12:36:31 +0000
Processing by UsersController#login as */*
  Parameters: {"phone"=>"02502080", "email"=>"dietricherwane@live.fr", "password"=>"[FILTERED]"}
  [1m[36mUser Load (0.7ms)[0m  [1m[34mSELECT "users".* FROM "users" WHERE ((email = 'dietricherwane@live.fr' AND password = 'duke') OR (phone = '02502080' AND password = 'duke'))[0m
Completed 200 OK in 41ms (Views: 1.3ms | ActiveRecord: 6.1ms)


Started POST "/user/login?phone=02502080&email=dietricherwane@live.f&password=[FILTERED]" for 127.0.0.1 at 2020-03-28 12:36:41 +0000
Processing by UsersController#login as */*
  Parameters: {"phone"=>"02502080", "email"=>"dietricherwane@live.f", "password"=>"[FILTERED]"}
  [1m[36mUser Load (0.4ms)[0m  [1m[34mSELECT "users".* FROM "users" WHERE ((email = 'dietricherwane@live.f' AND password = 'duke') OR (phone = '02502080' AND password = 'duke'))[0m
Completed 200 OK in 2ms (Views: 0.5ms | ActiveRecord: 0.4ms)


Started POST "/user/login?phone=2502080&email=dietricherwane@live.f&password=[FILTERED]" for 127.0.0.1 at 2020-03-28 12:36:51 +0000
Processing by UsersController#login as */*
  Parameters: {"phone"=>"2502080", "email"=>"dietricherwane@live.f", "password"=>"[FILTERED]"}
  [1m[36mUser Load (0.5ms)[0m  [1m[34mSELECT "users".* FROM "users" WHERE ((email = 'dietricherwane@live.f' AND password = 'duke') OR (phone = '2502080' AND password = 'duke'))[0m
Completed 200 OK in 3ms (Views: 0.2ms | ActiveRecord: 0.5ms)


Started POST "/user/login?phone=02502080&email=dietricherwane@live.fr&password=[FILTERED]" for 127.0.0.1 at 2020-03-28 12:37:03 +0000
Processing by UsersController#login as */*
  Parameters: {"phone"=>"02502080", "email"=>"dietricherwane@live.fr", "password"=>"[FILTERED]"}
  [1m[36mUser Load (0.3ms)[0m  [1m[34mSELECT "users".* FROM "users" WHERE ((email = 'dietricherwane@live.fr' AND password = 'duke') OR (phone = '02502080' AND password = 'duke'))[0m
Completed 200 OK in 3ms (Views: 1.2ms | ActiveRecord: 0.3ms)


Started POST "/user/login?phone=02502080&email=&password=[FILTERED]" for 127.0.0.1 at 2020-03-28 12:37:38 +0000
Processing by UsersController#login as */*
  Parameters: {"phone"=>"02502080", "email"=>"", "password"=>"[FILTERED]"}
  [1m[36mUser Load (0.5ms)[0m  [1m[34mSELECT "users".* FROM "users" WHERE ((email = '' AND password = 'duke') OR (phone = '02502080' AND password = 'duke'))[0m
Completed 200 OK in 5ms (Views: 1.8ms | ActiveRecord: 0.5ms)


Started POST "/user/login?phone=&email=dietricherwane@live.fr&password=[FILTERED]" for 127.0.0.1 at 2020-03-28 12:38:04 +0000
Processing by UsersController#login as */*
  Parameters: {"phone"=>"", "email"=>"dietricherwane@live.fr", "password"=>"[FILTERED]"}
  [1m[36mUser Load (0.5ms)[0m  [1m[34mSELECT "users".* FROM "users" WHERE ((email = 'dietricherwane@live.fr' AND password = 'duke') OR (phone = '' AND password = 'duke'))[0m
Completed 200 OK in 3ms (Views: 1.0ms | ActiveRecord: 0.5ms)


Started POST "/user/login?phone=&email=dietricherwane@live.f&password=[FILTERED]" for 127.0.0.1 at 2020-03-28 12:38:24 +0000
Processing by UsersController#login as */*
  Parameters: {"phone"=>"", "email"=>"dietricherwane@live.f", "password"=>"[FILTERED]"}
  [1m[36mUser Load (0.6ms)[0m  [1m[34mSELECT "users".* FROM "users" WHERE ((email = 'dietricherwane@live.f' AND password = 'duke') OR (phone = '' AND password = 'duke'))[0m
Completed 200 OK in 3ms (Views: 0.7ms | ActiveRecord: 0.6ms)


Started POST "/user/login?phone=&email=dietricherwane@live.fr&password=[FILTERED]" for 127.0.0.1 at 2020-03-28 12:38:54 +0000
Processing by UsersController#login as */*
  Parameters: {"phone"=>"", "email"=>"dietricherwane@live.fr", "password"=>"[FILTERED]"}
  [1m[36mUser Load (0.3ms)[0m  [1m[34mSELECT "users".* FROM "users" WHERE ((email = 'dietricherwane@live.fr' AND password = 'duke') OR (phone = '' AND password = 'duke'))[0m
Completed 200 OK in 3ms (Views: 1.1ms | ActiveRecord: 0.3ms)


Started POST "/request/create?user_id=&reference=&text=&status=&type_request=" for 127.0.0.1 at 2020-03-28 12:55:06 +0000
Processing by RequestsController#create as */*
  Parameters: {"user_id"=>"", "reference"=>"", "text"=>"", "status"=>"", "type_request"=>""}
  [1m[35m (0.2ms)[0m  [1m[35mBEGIN[0m
  [1m[36mUser Load (0.4ms)[0m  [1m[34mSELECT  "users".* FROM "users" WHERE "users"."id" IS NULL LIMIT $1[0m  [["LIMIT", 1]]
  [1m[35m (0.1ms)[0m  [1m[31mROLLBACK[0m
Completed 200 OK in 40ms (Views: 0.3ms | ActiveRecord: 8.0ms)


Started POST "/request/create?user_id=3&reference=&text=&status=&type_request=" for 127.0.0.1 at 2020-03-28 12:55:29 +0000
Processing by RequestsController#create as */*
  Parameters: {"user_id"=>"3", "reference"=>"", "text"=>"", "status"=>"", "type_request"=>""}
  [1m[35m (0.1ms)[0m  [1m[35mBEGIN[0m
  [1m[36mUser Load (0.4ms)[0m  [1m[34mSELECT  "users".* FROM "users" WHERE "users"."id" = $1 LIMIT $2[0m  [["id", 3], ["LIMIT", 1]]
  [1m[35m (0.2ms)[0m  [1m[31mROLLBACK[0m
Completed 200 OK in 21ms (Views: 0.2ms | ActiveRecord: 2.5ms)


Started POST "/request/create?user_id=3&reference=45874165&text=&status=&type_request=" for 127.0.0.1 at 2020-03-28 12:55:39 +0000
Processing by RequestsController#create as */*
  Parameters: {"user_id"=>"3", "reference"=>"45874165", "text"=>"", "status"=>"", "type_request"=>""}
  [1m[35m (0.2ms)[0m  [1m[35mBEGIN[0m
  [1m[36mUser Load (0.4ms)[0m  [1m[34mSELECT  "users".* FROM "users" WHERE "users"."id" = $1 LIMIT $2[0m  [["id", 3], ["LIMIT", 1]]
  [1m[35m (0.2ms)[0m  [1m[31mROLLBACK[0m
Completed 200 OK in 7ms (Views: 0.3ms | ActiveRecord: 0.7ms)


Started POST "/request/create?user_id=3&reference=45874165&text=Test%20content&status=&type_request=" for 127.0.0.1 at 2020-03-28 12:55:48 +0000
Processing by RequestsController#create as */*
  Parameters: {"user_id"=>"3", "reference"=>"45874165", "text"=>"Test content", "status"=>"", "type_request"=>""}
  [1m[35m (0.4ms)[0m  [1m[35mBEGIN[0m
  [1m[36mUser Load (0.5ms)[0m  [1m[34mSELECT  "users".* FROM "users" WHERE "users"."id" = $1 LIMIT $2[0m  [["id", 3], ["LIMIT", 1]]
  [1m[35m (0.2ms)[0m  [1m[31mROLLBACK[0m
Completed 200 OK in 8ms (Views: 0.3ms | ActiveRecord: 1.1ms)


Started POST "/request/create?user_id=3&reference=45874165&text=Test%20content&status=pop&type_request=" for 127.0.0.1 at 2020-03-28 12:55:53 +0000
Processing by RequestsController#create as */*
  Parameters: {"user_id"=>"3", "reference"=>"45874165", "text"=>"Test content", "status"=>"pop", "type_request"=>""}
  [1m[35m (0.1ms)[0m  [1m[35mBEGIN[0m
  [1m[36mUser Load (0.4ms)[0m  [1m[34mSELECT  "users".* FROM "users" WHERE "users"."id" = $1 LIMIT $2[0m  [["id", 3], ["LIMIT", 1]]
  [1m[35m (0.2ms)[0m  [1m[31mROLLBACK[0m
Completed 200 OK in 6ms (Views: 0.6ms | ActiveRecord: 0.7ms)


Started POST "/request/create?user_id=3&reference=45874165&text=Test%20content&status=progress&type_request=" for 127.0.0.1 at 2020-03-28 12:56:03 +0000
Processing by RequestsController#create as */*
  Parameters: {"user_id"=>"3", "reference"=>"45874165", "text"=>"Test content", "status"=>"progress", "type_request"=>""}
  [1m[35m (0.2ms)[0m  [1m[35mBEGIN[0m
  [1m[36mUser Load (0.5ms)[0m  [1m[34mSELECT  "users".* FROM "users" WHERE "users"."id" = $1 LIMIT $2[0m  [["id", 3], ["LIMIT", 1]]
  [1m[35m (0.2ms)[0m  [1m[31mROLLBACK[0m
Completed 200 OK in 6ms (Views: 0.2ms | ActiveRecord: 0.9ms)


Started POST "/request/create?user_id=3&reference=45874165&text=Test%20content&status=progress&type_request=ach" for 127.0.0.1 at 2020-03-28 12:56:08 +0000
Processing by RequestsController#create as */*
  Parameters: {"user_id"=>"3", "reference"=>"45874165", "text"=>"Test content", "status"=>"progress", "type_request"=>"ach"}
  [1m[35m (0.2ms)[0m  [1m[35mBEGIN[0m
  [1m[36mUser Load (1.1ms)[0m  [1m[34mSELECT  "users".* FROM "users" WHERE "users"."id" = $1 LIMIT $2[0m  [["id", 3], ["LIMIT", 1]]
  [1m[35m (0.2ms)[0m  [1m[31mROLLBACK[0m
Completed 200 OK in 6ms (Views: 0.2ms | ActiveRecord: 1.4ms)


Started POST "/request/create?user_id=3&reference=45874165&text=Test%20content&status=progress&type_request=ACH" for 127.0.0.1 at 2020-03-28 12:56:14 +0000
Processing by RequestsController#create as */*
  Parameters: {"user_id"=>"3", "reference"=>"45874165", "text"=>"Test content", "status"=>"progress", "type_request"=>"ACH"}
  [1m[35m (0.2ms)[0m  [1m[35mBEGIN[0m
  [1m[36mUser Load (0.5ms)[0m  [1m[34mSELECT  "users".* FROM "users" WHERE "users"."id" = $1 LIMIT $2[0m  [["id", 3], ["LIMIT", 1]]
  [1m[35mSQL (106.2ms)[0m  [1m[32mINSERT INTO "requests" ("user_id", "reference", "text", "status", "type_request", "created_at", "updated_at") VALUES ($1, $2, $3, $4, $5, $6, $7) RETURNING "id"[0m  [["user_id", 3], ["reference", "45874165"], ["text", "Test content"], ["status", "progress"], ["type_request", "ACH"], ["created_at", "2020-03-28 12:56:14.830070"], ["updated_at", "2020-03-28 12:56:14.830070"]]
  [1m[35m (47.9ms)[0m  [1m[35mCOMMIT[0m
Completed 200 OK in 160ms (Views: 0.3ms | ActiveRecord: 154.7ms)


Started POST "/request/create?user_id=&reference=&text=&status=&type_request=" for 127.0.0.1 at 2020-03-28 12:56:53 +0000
Processing by RequestsController#create as */*
  Parameters: {"user_id"=>"", "reference"=>"", "text"=>"", "status"=>"", "type_request"=>""}
  [1m[35m (0.1ms)[0m  [1m[35mBEGIN[0m
  [1m[36mUser Load (0.5ms)[0m  [1m[34mSELECT  "users".* FROM "users" WHERE "users"."id" IS NULL LIMIT $1[0m  [["LIMIT", 1]]
  [1m[35m (0.2ms)[0m  [1m[31mROLLBACK[0m
Completed 200 OK in 7ms (Views: 0.3ms | ActiveRecord: 0.8ms)


Started POST "/request/create?user_id=3&reference=78965478&text=Test%20content&status=progress&type_request=ACH" for 127.0.0.1 at 2020-03-28 12:57:41 +0000
Processing by RequestsController#create as */*
  Parameters: {"user_id"=>"3", "reference"=>"78965478", "text"=>"Test content", "status"=>"progress", "type_request"=>"ACH"}
  [1m[35m (0.1ms)[0m  [1m[35mBEGIN[0m
  [1m[36mUser Load (0.2ms)[0m  [1m[34mSELECT  "users".* FROM "users" WHERE "users"."id" = $1 LIMIT $2[0m  [["id", 3], ["LIMIT", 1]]
  [1m[35mSQL (1.2ms)[0m  [1m[32mINSERT INTO "requests" ("user_id", "reference", "text", "status", "type_request", "created_at", "updated_at") VALUES ($1, $2, $3, $4, $5, $6, $7) RETURNING "id"[0m  [["user_id", 3], ["reference", "78965478"], ["text", "Test content"], ["status", "progress"], ["type_request", "ACH"], ["created_at", "2020-03-28 12:57:41.899817"], ["updated_at", "2020-03-28 12:57:41.899817"]]
  [1m[35m (36.3ms)[0m  [1m[35mCOMMIT[0m
Completed 200 OK in 43ms (Views: 0.5ms | ActiveRecord: 37.9ms)


Started GET "/user/requests/1" for 127.0.0.1 at 2020-03-28 13:03:51 +0000
Processing by UsersController#requests as */*
  Parameters: {"id"=>"1"}
  [1m[36mUser Load (0.3ms)[0m  [1m[34mSELECT  "users".* FROM "users" WHERE "users"."id" = $1 LIMIT $2[0m  [["id", 1], ["LIMIT", 1]]
Completed 200 OK in 13ms (Views: 0.2ms | ActiveRecord: 3.1ms)


Started GET "/user/requests/3" for 127.0.0.1 at 2020-03-28 13:03:57 +0000
Processing by UsersController#requests as */*
  Parameters: {"id"=>"3"}
  [1m[36mUser Load (0.4ms)[0m  [1m[34mSELECT  "users".* FROM "users" WHERE "users"."id" = $1 LIMIT $2[0m  [["id", 3], ["LIMIT", 1]]
Completed 500 Internal Server Error in 79ms (ActiveRecord: 0.4ms)


  
NameError (undefined local variable or method `user' for #<UsersController:0x007fac9c02ed38>):
  
app/controllers/users_controller.rb:99:in `requests'
Started GET "/user/requests/3" for 127.0.0.1 at 2020-03-28 13:04:24 +0000
Processing by UsersController#requests as */*
  Parameters: {"id"=>"3"}
  [1m[36mUser Load (0.3ms)[0m  [1m[34mSELECT  "users".* FROM "users" WHERE "users"."id" = $1 LIMIT $2[0m  [["id", 3], ["LIMIT", 1]]
Completed 500 Internal Server Error in 41ms (ActiveRecord: 4.2ms)


  
NoMethodError (undefined method `requests' for #<User:0x007fac9445f720>):
  
app/controllers/users_controller.rb:99:in `requests'
Started GET "/user/requests/3" for 127.0.0.1 at 2020-03-28 13:06:09 +0000
Processing by UsersController#requests as */*
  Parameters: {"id"=>"3"}
  [1m[36mUser Load (0.5ms)[0m  [1m[34mSELECT  "users".* FROM "users" WHERE "users"."id" = $1 LIMIT $2[0m  [["id", 3], ["LIMIT", 1]]
Completed 500 Internal Server Error in 45ms (ActiveRecord: 0.5ms)


  
NoMethodError (undefined method `requests' for #<User:0x0000000254c228>):
  
app/controllers/users_controller.rb:99:in `requests'
Started GET "/user/requests/3" for 127.0.0.1 at 2020-03-28 13:06:34 +0000
Processing by UsersController#requests as */*
  Parameters: {"id"=>"3"}
  [1m[36mUser Load (0.3ms)[0m  [1m[34mSELECT  "users".* FROM "users" WHERE "users"."id" = $1 LIMIT $2[0m  [["id", 3], ["LIMIT", 1]]
  [1m[36mRequest Load (1.0ms)[0m  [1m[34mSELECT "requests".* FROM "requests" WHERE "requests"."user_id" = $1[0m  [["user_id", 3]]
Completed 200 OK in 295ms (Views: 115.8ms | ActiveRecord: 4.6ms)


Started GET "/user/requests/3" for 127.0.0.1 at 2020-03-28 13:06:53 +0000
Processing by UsersController#requests as */*
  Parameters: {"id"=>"3"}
  [1m[36mUser Load (0.5ms)[0m  [1m[34mSELECT  "users".* FROM "users" WHERE "users"."id" = $1 LIMIT $2[0m  [["id", 3], ["LIMIT", 1]]
  [1m[36mRequest Load (5.0ms)[0m  [1m[34mSELECT "requests".* FROM "requests" WHERE "requests"."user_id" = $1[0m  [["user_id", 3]]
Completed 200 OK in 67ms (Views: 24.3ms | ActiveRecord: 5.5ms)


Started GET "/user/requests/4" for 127.0.0.1 at 2020-03-28 13:09:04 +0000
Processing by UsersController#requests as */*
  Parameters: {"id"=>"4"}
  [1m[36mUser Load (0.2ms)[0m  [1m[34mSELECT  "users".* FROM "users" WHERE "users"."id" = $1 LIMIT $2[0m  [["id", 4], ["LIMIT", 1]]
  [1m[36mRequest Load (0.3ms)[0m  [1m[34mSELECT "requests".* FROM "requests" WHERE "requests"."user_id" = $1[0m  [["user_id", 4]]
Completed 200 OK in 3ms (Views: 1.2ms | ActiveRecord: 0.5ms)


Started GET "/user/requests/3" for 127.0.0.1 at 2020-03-28 13:09:16 +0000
Processing by UsersController#requests as */*
  Parameters: {"id"=>"3"}
  [1m[36mUser Load (0.2ms)[0m  [1m[34mSELECT  "users".* FROM "users" WHERE "users"."id" = $1 LIMIT $2[0m  [["id", 3], ["LIMIT", 1]]
  [1m[36mRequest Load (0.4ms)[0m  [1m[34mSELECT "requests".* FROM "requests" WHERE "requests"."user_id" = $1[0m  [["user_id", 3]]
Completed 200 OK in 4ms (Views: 2.3ms | ActiveRecord: 0.6ms)


Started GET "/user/requests/1" for 127.0.0.1 at 2020-03-28 13:10:13 +0000
Processing by UsersController#requests as */*
  Parameters: {"id"=>"1"}
  [1m[36mUser Load (0.2ms)[0m  [1m[34mSELECT  "users".* FROM "users" WHERE "users"."id" = $1 LIMIT $2[0m  [["id", 1], ["LIMIT", 1]]
Completed 200 OK in 2ms (Views: 0.2ms | ActiveRecord: 0.2ms)


